This is pdfTeX, Version 3.14159265-2.6-1.40.15 (TeX Live 2015/dev/Debian) (preloaded format=pdflatex 2015.11.18)  29 JAN 2017 20:59
entering extended mode
 \write18 enabled.
 %&-line parsing enabled.
**thesis.tex
(./thesis.tex
LaTeX2e <2014/05/01>
Babel <3.9l> and hyphenation patterns for 2 languages loaded.
(./ecsthesis.cls
Document Class: ecsthesis 2003/25/04 v1.6 LaTeX document class
(/usr/share/texlive/texmf-dist/tex/latex/base/book.cls
Document Class: book 2014/09/29 v1.4h Standard LaTeX document class
(/usr/share/texlive/texmf-dist/tex/latex/base/bk11.clo
File: bk11.clo 2014/09/29 v1.4h Standard LaTeX file (size option)
)
\c@part=\count79
\c@chapter=\count80
\c@section=\count81
\c@subsection=\count82
\c@subsubsection=\count83
\c@paragraph=\count84
\c@subparagraph=\count85
\c@figure=\count86
\c@table=\count87
\abovecaptionskip=\skip41
\belowcaptionskip=\skip42
\bibindent=\dimen102
)
(/usr/share/texlive/texmf-dist/tex/latex/setspace/setspace.sty
Package: setspace 2011/12/19 v6.7a set line spacing
)
(/usr/share/texlive/texmf-dist/tex/latex/vmargin/vmargin.sty
Package: vmargin 2004/07/15 V2.5 set document margins (VK)

Package: vmargin 2004/07/15 V2.5 set document margins (VK)
\PaperWidth=\dimen103
\PaperHeight=\dimen104
) (/usr/share/texlive/texmf-dist/tex/latex/fancyhdr/fancyhdr.sty
\fancy@headwidth=\skip43
\f@ncyO@elh=\skip44
\f@ncyO@erh=\skip45
\f@ncyO@olh=\skip46
\f@ncyO@orh=\skip47
\f@ncyO@elf=\skip48
\f@ncyO@erf=\skip49
\f@ncyO@olf=\skip50
\f@ncyO@orf=\skip51
)
(/usr/share/texlive/texmf-dist/tex/latex/amsmath/amsmath.sty
Package: amsmath 2013/01/14 v2.14 AMS math features
\@mathmargin=\skip52

For additional information on amsmath, use the `?' option.
(/usr/share/texlive/texmf-dist/tex/latex/amsmath/amstext.sty
Package: amstext 2000/06/29 v2.01

(/usr/share/texlive/texmf-dist/tex/latex/amsmath/amsgen.sty
File: amsgen.sty 1999/11/30 v2.0
\@emptytoks=\toks14
\ex@=\dimen105
))
(/usr/share/texlive/texmf-dist/tex/latex/amsmath/amsbsy.sty
Package: amsbsy 1999/11/29 v1.2d
\pmbraise@=\dimen106
)
(/usr/share/texlive/texmf-dist/tex/latex/amsmath/amsopn.sty
Package: amsopn 1999/12/14 v2.01 operator names
)
\inf@bad=\count88
LaTeX Info: Redefining \frac on input line 210.
\uproot@=\count89
\leftroot@=\count90
LaTeX Info: Redefining \overline on input line 306.
\classnum@=\count91
\DOTSCASE@=\count92
LaTeX Info: Redefining \ldots on input line 378.
LaTeX Info: Redefining \dots on input line 381.
LaTeX Info: Redefining \cdots on input line 466.
\Mathstrutbox@=\box26
\strutbox@=\box27
\big@size=\dimen107
LaTeX Font Info:    Redeclaring font encoding OML on input line 566.
LaTeX Font Info:    Redeclaring font encoding OMS on input line 567.
\macc@depth=\count93
\c@MaxMatrixCols=\count94
\dotsspace@=\muskip10
\c@parentequation=\count95
\dspbrk@lvl=\count96
\tag@help=\toks15
\row@=\count97
\column@=\count98
\maxfields@=\count99
\andhelp@=\toks16
\eqnshift@=\dimen108
\alignsep@=\dimen109
\tagshift@=\dimen110
\tagwidth@=\dimen111
\totwidth@=\dimen112
\lineht@=\dimen113
\@envbody=\toks17
\multlinegap=\skip53
\multlinetaggap=\skip54
\mathdisplay@stack=\toks18
LaTeX Info: Redefining \[ on input line 2665.
LaTeX Info: Redefining \] on input line 2666.
)
(/usr/share/texlive/texmf-dist/tex/latex/amsfonts/amsfonts.sty
Package: amsfonts 2013/01/14 v3.01 Basic AMSFonts support
\symAMSa=\mathgroup4
\symAMSb=\mathgroup5
LaTeX Font Info:    Overwriting math alphabet `\mathfrak' in version `bold'
(Font)                  U/euf/m/n --> U/euf/b/n on input line 106.
)
(/usr/share/texlive/texmf-dist/tex/latex/amsfonts/amssymb.sty
Package: amssymb 2013/01/14 v3.01 AMS font symbols
)
(/usr/share/texlive/texmf-dist/tex/latex/amsmath/amscd.sty
Package: amscd 1999/11/29 v2.0
\athelp@=\toks19
\minaw@=\dimen114
\bigaw@=\dimen115
\minCDarrowwidth=\dimen116
)
(/usr/share/texlive/texmf-dist/tex/latex/amscls/amsthm.sty
Package: amsthm 2009/07/02 v2.20.1
\thm@style=\toks20
\thm@bodyfont=\toks21
\thm@headfont=\toks22
\thm@notefont=\toks23
\thm@headpunct=\toks24
\thm@preskip=\skip55
\thm@postskip=\skip56
\thm@headsep=\skip57
\dth@everypar=\toks25
)
(/usr/share/texlive/texmf-dist/tex/latex/tools/xspace.sty
Package: xspace 2014/10/28 v1.13 Space after command names (DPC,MH)
)
\c@example=\count100
\c@theorem=\count101

(/usr/share/texlive/texmf-dist/tex/latex/caption/caption.sty
Package: caption 2013/05/02 v3.3-89 Customizing captions (AR)

(/usr/share/texlive/texmf-dist/tex/latex/caption/caption3.sty
Package: caption3 2013/05/02 v1.6-88 caption3 kernel (AR)
Package caption3 Info: TeX engine: e-TeX on input line 57.

(/usr/share/texlive/texmf-dist/tex/latex/graphics/keyval.sty
Package: keyval 2014/05/08 v1.15 key=value parser (DPC)
\KV@toks@=\toks26
)
\captionmargin=\dimen117
\captionmargin@=\dimen118
\captionwidth=\dimen119
\caption@tempdima=\dimen120
\caption@indent=\dimen121
\caption@parindent=\dimen122
\caption@hangindent=\dimen123
)
\c@ContinuedFloat=\count102
)
(/usr/share/texlive/texmf-dist/tex/latex/chngcntr/chngcntr.sty
Package: chngcntr 2009/09/02 v1.0a change counter resetting
)
(/usr/share/texlive/texmf-dist/tex/latex/graphics/graphicx.sty
Package: graphicx 2014/04/25 v1.0g Enhanced LaTeX Graphics (DPC,SPQR)

(/usr/share/texlive/texmf-dist/tex/latex/graphics/graphics.sty
Package: graphics 2009/02/05 v1.0o Standard LaTeX Graphics (DPC,SPQR)

(/usr/share/texlive/texmf-dist/tex/latex/graphics/trig.sty
Package: trig 1999/03/16 v1.09 sin cos tan (DPC)
)
(/usr/share/texlive/texmf-dist/tex/latex/latexconfig/graphics.cfg
File: graphics.cfg 2010/04/23 v1.9 graphics configuration of TeX Live
)
Package graphics Info: Driver file: pdftex.def on input line 91.

(/usr/share/texlive/texmf-dist/tex/latex/pdftex-def/pdftex.def
File: pdftex.def 2011/05/27 v0.06d Graphics/color for pdfTeX

(/usr/share/texlive/texmf-dist/tex/generic/oberdiek/infwarerr.sty
Package: infwarerr 2010/04/08 v1.3 Providing info/warning/error messages (HO)
)
(/usr/share/texlive/texmf-dist/tex/generic/oberdiek/ltxcmds.sty
Package: ltxcmds 2011/11/09 v1.22 LaTeX kernel commands for general use (HO)
)
\Gread@gobject=\count103
))
\Gin@req@height=\dimen124
\Gin@req@width=\dimen125
)
(/usr/share/texlive/texmf-dist/tex/latex/oberdiek/epstopdf.sty
Package: epstopdf 2010/02/09 v2.5 Conversion with epstopdf on the fly (HO)

(/usr/share/texlive/texmf-dist/tex/latex/oberdiek/epstopdf-base.sty
Package: epstopdf-base 2010/02/09 v2.5 Base part for package epstopdf

(/usr/share/texlive/texmf-dist/tex/latex/oberdiek/grfext.sty
Package: grfext 2010/08/19 v1.1 Manage graphics extensions (HO)

(/usr/share/texlive/texmf-dist/tex/generic/oberdiek/kvdefinekeys.sty
Package: kvdefinekeys 2011/04/07 v1.3 Define keys (HO)
))
(/usr/share/texlive/texmf-dist/tex/latex/oberdiek/kvoptions.sty
Package: kvoptions 2011/06/30 v3.11 Key value format for package options (HO)

(/usr/share/texlive/texmf-dist/tex/generic/oberdiek/kvsetkeys.sty
Package: kvsetkeys 2012/04/25 v1.16 Key value parser (HO)

(/usr/share/texlive/texmf-dist/tex/generic/oberdiek/etexcmds.sty
Package: etexcmds 2011/02/16 v1.5 Avoid name clashes with e-TeX commands (HO)

(/usr/share/texlive/texmf-dist/tex/generic/oberdiek/ifluatex.sty
Package: ifluatex 2010/03/01 v1.3 Provides the ifluatex switch (HO)
Package ifluatex Info: LuaTeX not detected.
)
Package etexcmds Info: Could not find \expanded.
(etexcmds)             That can mean that you are not using pdfTeX 1.50 or
(etexcmds)             that some package has redefined \expanded.
(etexcmds)             In the latter case, load this package earlier.
)))
(/usr/share/texlive/texmf-dist/tex/generic/oberdiek/pdftexcmds.sty
Package: pdftexcmds 2011/11/29 v0.20 Utility functions of pdfTeX for LuaTeX (HO
)

(/usr/share/texlive/texmf-dist/tex/generic/oberdiek/ifpdf.sty
Package: ifpdf 2011/01/30 v2.3 Provides the ifpdf switch (HO)
Package ifpdf Info: pdfTeX in PDF mode is detected.
)
Package pdftexcmds Info: LuaTeX not detected.
Package pdftexcmds Info: \pdf@primitive is available.
Package pdftexcmds Info: \pdf@ifprimitive is available.
Package pdftexcmds Info: \pdfdraftmode found.
)
Package grfext Info: Graphics extension search list:
(grfext)             [.png,.pdf,.jpg,.mps,.jpeg,.jbig2,.jb2,.PNG,.PDF,.JPG,.JPE
G,.JBIG2,.JB2,.eps]
(grfext)             \AppendGraphicsExtensions on input line 452.

(/usr/share/texlive/texmf-dist/tex/latex/latexconfig/epstopdf-sys.cfg
File: epstopdf-sys.cfg 2010/07/13 v1.3 Configuration of (r)epstopdf for TeX Liv
e
)))
(/usr/share/texlive/texmf-dist/tex/latex/subfigure/subfigure.sty
Package: subfigure 2002/03/15 v2.1.5 subfigure package
\subfigtopskip=\skip58
\subfigcapskip=\skip59
\subfigcaptopadj=\dimen126
\subfigbottomskip=\skip60
\subfigcapmargin=\dimen127
\subfiglabelskip=\skip61
\c@subfigure=\count104
\c@lofdepth=\count105
\c@subtable=\count106
\c@lotdepth=\count107

****************************************
* Local config file subfigure.cfg used *
****************************************
(/usr/share/texlive/texmf-dist/tex/latex/subfigure/subfigure.cfg)
\subfig@top=\skip62
\subfig@bottom=\skip63
)
(/usr/share/texlive/texmf-dist/tex/latex/booktabs/booktabs.sty
Package: booktabs 2005/04/14 v1.61803 publication quality tables
\heavyrulewidth=\dimen128
\lightrulewidth=\dimen129
\cmidrulewidth=\dimen130
\belowrulesep=\dimen131
\belowbottomsep=\dimen132
\aboverulesep=\dimen133
\abovetopsep=\dimen134
\cmidrulesep=\dimen135
\cmidrulekern=\dimen136
\defaultaddspace=\dimen137
\@cmidla=\count108
\@cmidlb=\count109
\@aboverulesep=\dimen138
\@belowrulesep=\dimen139
\@thisruleclass=\count110
\@lastruleclass=\count111
\@thisrulewidth=\dimen140
)
(/usr/share/texlive/texmf-dist/tex/latex/rotating/rotating.sty
Package: rotating 2009/03/28 v2.16a rotated objects in LaTeX

(/usr/share/texlive/texmf-dist/tex/latex/base/ifthen.sty
Package: ifthen 2014/09/29 v1.1c Standard LaTeX ifthen package (DPC)
)
\c@r@tfl@t=\count112
\rotFPtop=\skip64
\rotFPbot=\skip65
\rot@float@box=\box28
\rot@mess@toks=\toks27
)
(/usr/share/texlive/texmf-dist/tex/latex/listings/listings.sty
\lst@mode=\count113
\lst@gtempboxa=\box29
\lst@token=\toks28
\lst@length=\count114
\lst@currlwidth=\dimen141
\lst@column=\count115
\lst@pos=\count116
\lst@lostspace=\dimen142
\lst@width=\dimen143
\lst@newlines=\count117
\lst@lineno=\count118
\lst@maxwidth=\dimen144

(/usr/share/texlive/texmf-dist/tex/latex/listings/lstmisc.sty
File: lstmisc.sty 2014/09/06 1.5e (Carsten Heinz)
\c@lstnumber=\count119
\lst@skipnumbers=\count120
\lst@framebox=\box30
)
(/usr/share/texlive/texmf-dist/tex/latex/listings/listings.cfg
File: listings.cfg 2014/09/06 1.5e listings configuration
))
Package: listings 2014/09/06 1.5e (Carsten Heinz)

(/usr/share/texlive/texmf-dist/tex/latex/xcolor/xcolor.sty
Package: xcolor 2007/01/21 v2.11 LaTeX color extensions (UK)

(/usr/share/texlive/texmf-dist/tex/latex/latexconfig/color.cfg
File: color.cfg 2007/01/18 v1.5 color configuration of teTeX/TeXLive
)
Package xcolor Info: Driver file: pdftex.def on input line 225.
Package xcolor Info: Model `cmy' substituted by `cmy0' on input line 1337.
Package xcolor Info: Model `hsb' substituted by `rgb' on input line 1341.
Package xcolor Info: Model `RGB' extended on input line 1353.
Package xcolor Info: Model `HTML' substituted by `rgb' on input line 1355.
Package xcolor Info: Model `Hsb' substituted by `hsb' on input line 1356.
Package xcolor Info: Model `tHsb' substituted by `hsb' on input line 1357.
Package xcolor Info: Model `HSB' substituted by `hsb' on input line 1358.
Package xcolor Info: Model `Gray' substituted by `gray' on input line 1359.
Package xcolor Info: Model `wave' substituted by `hsb' on input line 1360.
)
(/usr/share/texlive/texmf-dist/tex/latex/hyperref/hyperref.sty
Package: hyperref 2012/11/06 v6.83m Hypertext links for LaTeX

(/usr/share/texlive/texmf-dist/tex/generic/oberdiek/hobsub-hyperref.sty
Package: hobsub-hyperref 2012/05/28 v1.13 Bundle oberdiek, subset hyperref (HO)


(/usr/share/texlive/texmf-dist/tex/generic/oberdiek/hobsub-generic.sty
Package: hobsub-generic 2012/05/28 v1.13 Bundle oberdiek, subset generic (HO)
Package: hobsub 2012/05/28 v1.13 Construct package bundles (HO)
Package hobsub Info: Skipping package `infwarerr' (already loaded).
Package hobsub Info: Skipping package `ltxcmds' (already loaded).
Package hobsub Info: Skipping package `ifluatex' (already loaded).
Package: ifvtex 2010/03/01 v1.5 Detect VTeX and its facilities (HO)
Package ifvtex Info: VTeX not detected.
Package: intcalc 2007/09/27 v1.1 Expandable calculations with integers (HO)
Package hobsub Info: Skipping package `ifpdf' (already loaded).
Package hobsub Info: Skipping package `etexcmds' (already loaded).
Package hobsub Info: Skipping package `kvsetkeys' (already loaded).
Package hobsub Info: Skipping package `kvdefinekeys' (already loaded).
Package hobsub Info: Skipping package `pdftexcmds' (already loaded).
Package: pdfescape 2011/11/25 v1.13 Implements pdfTeX's escape features (HO)
Package: bigintcalc 2012/04/08 v1.3 Expandable calculations on big integers (HO
)
Package: bitset 2011/01/30 v1.1 Handle bit-vector datatype (HO)
Package: uniquecounter 2011/01/30 v1.2 Provide unlimited unique counter (HO)
)
Package hobsub Info: Skipping package `hobsub' (already loaded).
Package: letltxmacro 2010/09/02 v1.4 Let assignment for LaTeX macros (HO)
Package: hopatch 2012/05/28 v1.2 Wrapper for package hooks (HO)
Package: xcolor-patch 2011/01/30 xcolor patch
Package: atveryend 2011/06/30 v1.8 Hooks at the very end of document (HO)
Package atveryend Info: \enddocument detected (standard20110627).
Package: atbegshi 2011/10/05 v1.16 At begin shipout hook (HO)
Package: refcount 2011/10/16 v3.4 Data extraction from label references (HO)
Package: hycolor 2011/01/30 v1.7 Color options for hyperref/bookmark (HO)
)
(/usr/share/texlive/texmf-dist/tex/generic/ifxetex/ifxetex.sty
Package: ifxetex 2010/09/12 v0.6 Provides ifxetex conditional
)
(/usr/share/texlive/texmf-dist/tex/latex/oberdiek/auxhook.sty
Package: auxhook 2011/03/04 v1.3 Hooks for auxiliary files (HO)
)
\@linkdim=\dimen145
\Hy@linkcounter=\count121
\Hy@pagecounter=\count122

(/usr/share/texlive/texmf-dist/tex/latex/hyperref/pd1enc.def
File: pd1enc.def 2012/11/06 v6.83m Hyperref: PDFDocEncoding definition (HO)
)
\Hy@SavedSpaceFactor=\count123

(/usr/share/texlive/texmf-dist/tex/latex/latexconfig/hyperref.cfg
File: hyperref.cfg 2002/06/06 v1.2 hyperref configuration of TeXLive
)
Package hyperref Info: Option `draft' set `true' on input line 4319.
Package hyperref Info: Option `bookmarks' set `true' on input line 4319.
Package hyperref Info: Option `bookmarksopen' set `true' on input line 4319.
Package hyperref Info: Option `bookmarksnumbered' set `true' on input line 4319
.
Package hyperref Info: Option `hypertexnames' set `false' on input line 4319.
Package hyperref Info: Option `colorlinks' set `true' on input line 4319.
Package hyperref Info: Option `unicode' set `true' on input line 4319.

(/usr/share/texlive/texmf-dist/tex/latex/hyperref/puenc.def
File: puenc.def 2012/11/06 v6.83m Hyperref: PDF Unicode definition (HO)
)
Package hyperref Info: Option `breaklinks' set `true' on input line 4319.
Package hyperref Info: Option `hypertexnames' set `true' on input line 4319.
Package hyperref Info: Hyper figures OFF on input line 4443.
Package hyperref Info: Link nesting OFF on input line 4448.
Package hyperref Info: Hyper index ON on input line 4451.
Package hyperref Info: Plain pages OFF on input line 4458.
Package hyperref Info: Backreferencing OFF on input line 4463.
Package hyperref Info: Implicit mode ON; LaTeX internals redefined.
Package hyperref Info: Bookmarks ON on input line 4688.
\c@Hy@tempcnt=\count124

(/usr/share/texlive/texmf-dist/tex/latex/url/url.sty
\Urlmuskip=\muskip11
Package: url 2013/09/16  ver 3.4  Verb mode for urls, etc.
)
LaTeX Info: Redefining \url on input line 5041.
\XeTeXLinkMargin=\dimen146
\Fld@menulength=\count125
\Field@Width=\dimen147
\Fld@charsize=\dimen148
Package hyperref Info: Hyper figures OFF on input line 6295.
Package hyperref Info: Link nesting OFF on input line 6300.
Package hyperref Info: Hyper index ON on input line 6303.
Package hyperref Info: backreferencing OFF on input line 6310.
Package hyperref Info: Link coloring ON on input line 6313.
Package hyperref Info: Link coloring with OCG OFF on input line 6320.
Package hyperref Info: PDF/A mode OFF on input line 6325.
LaTeX Info: Redefining \ref on input line 6365.
LaTeX Info: Redefining \pageref on input line 6369.
\Hy@abspage=\count126
\c@Item=\count127
\c@Hfootnote=\count128
)

Package hyperref Message: Driver (autodetected): hpdftex.

(/usr/share/texlive/texmf-dist/tex/latex/hyperref/hpdftex.def
File: hpdftex.def 2012/11/06 v6.83m Hyperref driver for pdfTeX
\Fld@listcount=\count129
\c@bookmark@seq@number=\count130

(/usr/share/texlive/texmf-dist/tex/latex/oberdiek/rerunfilecheck.sty
Package: rerunfilecheck 2011/04/15 v1.7 Rerun checks for auxiliary files (HO)
Package uniquecounter Info: New unique counter `rerunfilecheck' on input line 2
82.
)
\Hy@SectionHShift=\skip66
)
\c@dummy=\count131

(/usr/share/texlive/texmf-dist/tex/latex/tools/longtable.sty
Package: longtable 2014/10/28 v4.11 Multi-page Table package (DPC)
\LTleft=\skip67
\LTright=\skip68
\LTpre=\skip69
\LTpost=\skip70
\LTchunksize=\count132
\LTcapwidth=\dimen149
\LT@head=\box31
\LT@firsthead=\box32
\LT@foot=\box33
\LT@lastfoot=\box34
\LT@cols=\count133
\LT@rows=\count134
\c@LT@tables=\count135
\c@LT@chunks=\count136
\LT@p@ftn=\toks29
))
(/usr/share/texlive/texmf-dist/tex/latex/natbib/natbib.sty
Package: natbib 2010/09/13 8.31b (PWD, AO)
\bibhang=\skip71
\bibsep=\skip72
LaTeX Info: Redefining \cite on input line 694.
\c@NAT@ctr=\count137
)
(/usr/share/texlive/texmf-dist/tex/latex/psfrag/psfrag.sty
Package: psfrag 1998/04/11 v3.04 PSfrag (MCG)
\pfg@pcount=\count138
\pfg@scount=\count139
\pfg@temp=\write3
)
(/usr/share/texlive/texmf-dist/tex/latex/multirow/multirow.sty
\bigstrutjot=\dimen150
)
Package hyperref Info: Option `colorlinks' set `true' on input line 16.

(./definitions.tex
(/usr/share/texlive/texmf-dist/tex/latex/pgfplots/pgfplots.sty
(/usr/share/texlive/texmf-dist/tex/generic/pgfplots/pgfplots.revision.tex)
Package: pgfplots 2014/08/04 v1.11 Data Visualization (1.11-3-g4c99d7a)

(/usr/share/texlive/texmf-dist/tex/latex/pgf/frontendlayer/tikz.sty
(/usr/share/texlive/texmf-dist/tex/latex/pgf/basiclayer/pgf.sty
(/usr/share/texlive/texmf-dist/tex/latex/pgf/utilities/pgfrcs.sty
(/usr/share/texlive/texmf-dist/tex/generic/pgf/utilities/pgfutil-common.tex
\pgfutil@everybye=\toks30
\pgfutil@tempdima=\dimen151
\pgfutil@tempdimb=\dimen152

(/usr/share/texlive/texmf-dist/tex/generic/pgf/utilities/pgfutil-common-lists.t
ex)) (/usr/share/texlive/texmf-dist/tex/generic/pgf/utilities/pgfutil-latex.def
\pgfutil@abb=\box35
(/usr/share/texlive/texmf-dist/tex/latex/ms/everyshi.sty
Package: everyshi 2001/05/15 v3.00 EveryShipout Package (MS)
))
(/usr/share/texlive/texmf-dist/tex/generic/pgf/utilities/pgfrcs.code.tex
Package: pgfrcs 2013/12/20 v3.0.0 (rcs-revision 1.28)
))
Package: pgf 2013/12/18 v3.0.0 (rcs-revision 1.14)

(/usr/share/texlive/texmf-dist/tex/latex/pgf/basiclayer/pgfcore.sty
(/usr/share/texlive/texmf-dist/tex/latex/pgf/systemlayer/pgfsys.sty
(/usr/share/texlive/texmf-dist/tex/generic/pgf/systemlayer/pgfsys.code.tex
Package: pgfsys 2013/11/30 v3.0.0 (rcs-revision 1.47)

(/usr/share/texlive/texmf-dist/tex/generic/pgf/utilities/pgfkeys.code.tex
\pgfkeys@pathtoks=\toks31
\pgfkeys@temptoks=\toks32

(/usr/share/texlive/texmf-dist/tex/generic/pgf/utilities/pgfkeysfiltered.code.t
ex
\pgfkeys@tmptoks=\toks33
))
\pgf@x=\dimen153
\pgf@y=\dimen154
\pgf@xa=\dimen155
\pgf@ya=\dimen156
\pgf@xb=\dimen157
\pgf@yb=\dimen158
\pgf@xc=\dimen159
\pgf@yc=\dimen160
\w@pgf@writea=\write4
\r@pgf@reada=\read1
\c@pgf@counta=\count140
\c@pgf@countb=\count141
\c@pgf@countc=\count142
\c@pgf@countd=\count143
\t@pgf@toka=\toks34
\t@pgf@tokb=\toks35
\t@pgf@tokc=\toks36
 (/usr/share/texlive/texmf-dist/tex/generic/pgf/systemlayer/pgf.cfg
File: pgf.cfg 2008/05/14  (rcs-revision 1.7)
)
Driver file for pgf: pgfsys-pdftex.def

(/usr/share/texlive/texmf-dist/tex/generic/pgf/systemlayer/pgfsys-pdftex.def
File: pgfsys-pdftex.def 2013/07/18  (rcs-revision 1.33)

(/usr/share/texlive/texmf-dist/tex/generic/pgf/systemlayer/pgfsys-common-pdf.de
f
File: pgfsys-common-pdf.def 2013/10/10  (rcs-revision 1.13)
)))
(/usr/share/texlive/texmf-dist/tex/generic/pgf/systemlayer/pgfsyssoftpath.code.
tex
File: pgfsyssoftpath.code.tex 2013/09/09  (rcs-revision 1.9)
\pgfsyssoftpath@smallbuffer@items=\count144
\pgfsyssoftpath@bigbuffer@items=\count145
)
(/usr/share/texlive/texmf-dist/tex/generic/pgf/systemlayer/pgfsysprotocol.code.
tex
File: pgfsysprotocol.code.tex 2006/10/16  (rcs-revision 1.4)
))
(/usr/share/texlive/texmf-dist/tex/generic/pgf/basiclayer/pgfcore.code.tex
Package: pgfcore 2010/04/11 v3.0.0 (rcs-revision 1.7)

(/usr/share/texlive/texmf-dist/tex/generic/pgf/math/pgfmath.code.tex
(/usr/share/texlive/texmf-dist/tex/generic/pgf/math/pgfmathcalc.code.tex
(/usr/share/texlive/texmf-dist/tex/generic/pgf/math/pgfmathutil.code.tex)
(/usr/share/texlive/texmf-dist/tex/generic/pgf/math/pgfmathparser.code.tex
\pgfmath@dimen=\dimen161
\pgfmath@count=\count146
\pgfmath@box=\box36
\pgfmath@toks=\toks37
\pgfmath@stack@operand=\toks38
\pgfmath@stack@operation=\toks39
)
(/usr/share/texlive/texmf-dist/tex/generic/pgf/math/pgfmathfunctions.code.tex
(/usr/share/texlive/texmf-dist/tex/generic/pgf/math/pgfmathfunctions.basic.code
.tex)
(/usr/share/texlive/texmf-dist/tex/generic/pgf/math/pgfmathfunctions.trigonomet
ric.code.tex)
(/usr/share/texlive/texmf-dist/tex/generic/pgf/math/pgfmathfunctions.random.cod
e.tex)
(/usr/share/texlive/texmf-dist/tex/generic/pgf/math/pgfmathfunctions.comparison
.code.tex)
(/usr/share/texlive/texmf-dist/tex/generic/pgf/math/pgfmathfunctions.base.code.
tex)
(/usr/share/texlive/texmf-dist/tex/generic/pgf/math/pgfmathfunctions.round.code
.tex)
(/usr/share/texlive/texmf-dist/tex/generic/pgf/math/pgfmathfunctions.misc.code.
tex)
(/usr/share/texlive/texmf-dist/tex/generic/pgf/math/pgfmathfunctions.integerari
thmetics.code.tex)))
(/usr/share/texlive/texmf-dist/tex/generic/pgf/math/pgfmathfloat.code.tex
\c@pgfmathroundto@lastzeros=\count147
))
(/usr/share/texlive/texmf-dist/tex/generic/pgf/basiclayer/pgfcorepoints.code.te
x
File: pgfcorepoints.code.tex 2013/10/07  (rcs-revision 1.27)
\pgf@picminx=\dimen162
\pgf@picmaxx=\dimen163
\pgf@picminy=\dimen164
\pgf@picmaxy=\dimen165
\pgf@pathminx=\dimen166
\pgf@pathmaxx=\dimen167
\pgf@pathminy=\dimen168
\pgf@pathmaxy=\dimen169
\pgf@xx=\dimen170
\pgf@xy=\dimen171
\pgf@yx=\dimen172
\pgf@yy=\dimen173
\pgf@zx=\dimen174
\pgf@zy=\dimen175
)
(/usr/share/texlive/texmf-dist/tex/generic/pgf/basiclayer/pgfcorepathconstruct.
code.tex
File: pgfcorepathconstruct.code.tex 2013/10/07  (rcs-revision 1.29)
\pgf@path@lastx=\dimen176
\pgf@path@lasty=\dimen177
)
(/usr/share/texlive/texmf-dist/tex/generic/pgf/basiclayer/pgfcorepathusage.code
.tex
File: pgfcorepathusage.code.tex 2013/12/13  (rcs-revision 1.23)
\pgf@shorten@end@additional=\dimen178
\pgf@shorten@start@additional=\dimen179
)
(/usr/share/texlive/texmf-dist/tex/generic/pgf/basiclayer/pgfcorescopes.code.te
x
File: pgfcorescopes.code.tex 2013/10/09  (rcs-revision 1.44)
\pgfpic=\box37
\pgf@hbox=\box38
\pgf@layerbox@main=\box39
\pgf@picture@serial@count=\count148
)
(/usr/share/texlive/texmf-dist/tex/generic/pgf/basiclayer/pgfcoregraphicstate.c
ode.tex
File: pgfcoregraphicstate.code.tex 2013/09/19  (rcs-revision 1.11)
\pgflinewidth=\dimen180
)
(/usr/share/texlive/texmf-dist/tex/generic/pgf/basiclayer/pgfcoretransformation
s.code.tex
File: pgfcoretransformations.code.tex 2013/10/10  (rcs-revision 1.17)
\pgf@pt@x=\dimen181
\pgf@pt@y=\dimen182
\pgf@pt@temp=\dimen183
)
(/usr/share/texlive/texmf-dist/tex/generic/pgf/basiclayer/pgfcorequick.code.tex
File: pgfcorequick.code.tex 2008/10/09  (rcs-revision 1.3)
)
(/usr/share/texlive/texmf-dist/tex/generic/pgf/basiclayer/pgfcoreobjects.code.t
ex
File: pgfcoreobjects.code.tex 2006/10/11  (rcs-revision 1.2)
)
(/usr/share/texlive/texmf-dist/tex/generic/pgf/basiclayer/pgfcorepathprocessing
.code.tex
File: pgfcorepathprocessing.code.tex 2013/09/09  (rcs-revision 1.9)
)
(/usr/share/texlive/texmf-dist/tex/generic/pgf/basiclayer/pgfcorearrows.code.te
x
File: pgfcorearrows.code.tex 2013/11/07  (rcs-revision 1.40)
\pgfarrowsep=\dimen184
)
(/usr/share/texlive/texmf-dist/tex/generic/pgf/basiclayer/pgfcoreshade.code.tex
File: pgfcoreshade.code.tex 2013/07/15  (rcs-revision 1.15)
\pgf@max=\dimen185
\pgf@sys@shading@range@num=\count149
)
(/usr/share/texlive/texmf-dist/tex/generic/pgf/basiclayer/pgfcoreimage.code.tex
File: pgfcoreimage.code.tex 2013/07/15  (rcs-revision 1.18)

(/usr/share/texlive/texmf-dist/tex/generic/pgf/basiclayer/pgfcoreexternal.code.
tex
File: pgfcoreexternal.code.tex 2013/07/15  (rcs-revision 1.20)
\pgfexternal@startupbox=\box40
))
(/usr/share/texlive/texmf-dist/tex/generic/pgf/basiclayer/pgfcorelayers.code.te
x
File: pgfcorelayers.code.tex 2013/07/18  (rcs-revision 1.7)
)
(/usr/share/texlive/texmf-dist/tex/generic/pgf/basiclayer/pgfcoretransparency.c
ode.tex
File: pgfcoretransparency.code.tex 2013/09/30  (rcs-revision 1.5)
)
(/usr/share/texlive/texmf-dist/tex/generic/pgf/basiclayer/pgfcorepatterns.code.
tex
File: pgfcorepatterns.code.tex 2013/11/07  (rcs-revision 1.5)
)))
(/usr/share/texlive/texmf-dist/tex/generic/pgf/modules/pgfmoduleshapes.code.tex
File: pgfmoduleshapes.code.tex 2013/10/31  (rcs-revision 1.34)
\pgfnodeparttextbox=\box41
) (/usr/share/texlive/texmf-dist/tex/generic/pgf/modules/pgfmoduleplot.code.tex
File: pgfmoduleplot.code.tex 2013/07/31  (rcs-revision 1.12)
)
(/usr/share/texlive/texmf-dist/tex/latex/pgf/compatibility/pgfcomp-version-0-65
.sty
Package: pgfcomp-version-0-65 2007/07/03 v3.0.0 (rcs-revision 1.7)
\pgf@nodesepstart=\dimen186
\pgf@nodesepend=\dimen187
)
(/usr/share/texlive/texmf-dist/tex/latex/pgf/compatibility/pgfcomp-version-1-18
.sty
Package: pgfcomp-version-1-18 2007/07/23 v3.0.0 (rcs-revision 1.1)
)) (/usr/share/texlive/texmf-dist/tex/latex/pgf/utilities/pgffor.sty
(/usr/share/texlive/texmf-dist/tex/latex/pgf/utilities/pgfkeys.sty
(/usr/share/texlive/texmf-dist/tex/generic/pgf/utilities/pgfkeys.code.tex))
(/usr/share/texlive/texmf-dist/tex/latex/pgf/math/pgfmath.sty
(/usr/share/texlive/texmf-dist/tex/generic/pgf/math/pgfmath.code.tex))
(/usr/share/texlive/texmf-dist/tex/generic/pgf/utilities/pgffor.code.tex
Package: pgffor 2013/12/13 v3.0.0 (rcs-revision 1.25)

(/usr/share/texlive/texmf-dist/tex/generic/pgf/math/pgfmath.code.tex)
\pgffor@iter=\dimen188
\pgffor@skip=\dimen189
\pgffor@stack=\toks40
\pgffor@toks=\toks41
))
(/usr/share/texlive/texmf-dist/tex/generic/pgf/frontendlayer/tikz/tikz.code.tex
Package: tikz 2013/12/13 v3.0.0 (rcs-revision 1.142)

(/usr/share/texlive/texmf-dist/tex/generic/pgf/libraries/pgflibraryplothandlers
.code.tex
File: pgflibraryplothandlers.code.tex 2013/08/31 v3.0.0 (rcs-revision 1.20)
\pgf@plot@mark@count=\count150
\pgfplotmarksize=\dimen190
)
\tikz@lastx=\dimen191
\tikz@lasty=\dimen192
\tikz@lastxsaved=\dimen193
\tikz@lastysaved=\dimen194
\tikzleveldistance=\dimen195
\tikzsiblingdistance=\dimen196
\tikz@figbox=\box42
\tikz@figbox@bg=\box43
\tikz@tempbox=\box44
\tikz@tempbox@bg=\box45
\tikztreelevel=\count151
\tikznumberofchildren=\count152
\tikznumberofcurrentchild=\count153
\tikz@fig@count=\count154

(/usr/share/texlive/texmf-dist/tex/generic/pgf/modules/pgfmodulematrix.code.tex
File: pgfmodulematrix.code.tex 2013/09/17  (rcs-revision 1.8)
\pgfmatrixcurrentrow=\count155
\pgfmatrixcurrentcolumn=\count156
\pgf@matrix@numberofcolumns=\count157
)
\tikz@expandcount=\count158

(/usr/share/texlive/texmf-dist/tex/generic/pgf/frontendlayer/tikz/libraries/tik
zlibrarytopaths.code.tex
File: tikzlibrarytopaths.code.tex 2008/06/17 v3.0.0 (rcs-revision 1.2)
)))
(/usr/share/texlive/texmf-dist/tex/generic/pgfplots/pgfplots.code.tex
(/usr/share/texlive/texmf-dist/tex/generic/pgfplots/pgfplotscore.code.tex
\t@pgfplots@toka=\toks42
\t@pgfplots@tokb=\toks43
\t@pgfplots@tokc=\toks44
\pgfplots@tmpa=\dimen197
\c@pgfplots@coordindex=\count159
\c@pgfplots@scanlineindex=\count160

(/usr/share/texlive/texmf-dist/tex/generic/pgfplots/sys/pgfplotssysgeneric.code
.tex))
(/usr/share/texlive/texmf-dist/tex/generic/pgfplots/libs/pgfplotslibrary.code.t
ex)
(/usr/share/texlive/texmf-dist/tex/generic/pgfplots/oldpgfcompatib/pgfplotsoldp
gfsupp_loader.code.tex
(/usr/share/texlive/texmf-dist/tex/generic/pgf/libraries/pgflibraryfpu.code.tex
)
(/usr/share/texlive/texmf-dist/tex/generic/pgfplots/oldpgfcompatib/pgfplotsoldp
gfsupp_trig_format.code.tex))
(/usr/share/texlive/texmf-dist/tex/generic/pgfplots/util/pgfplotsutil.code.tex
(/usr/share/texlive/texmf-dist/tex/generic/pgfplots/liststructure/pgfplotslists
tructure.code.tex)
(/usr/share/texlive/texmf-dist/tex/generic/pgfplots/liststructure/pgfplotslists
tructureext.code.tex)
(/usr/share/texlive/texmf-dist/tex/generic/pgfplots/liststructure/pgfplotsarray
.code.tex
\c@pgfplotsarray@tmp=\count161
)
(/usr/share/texlive/texmf-dist/tex/generic/pgfplots/liststructure/pgfplotsmatri
x.code.tex)
(/usr/share/texlive/texmf-dist/tex/generic/pgfplots/numtable/pgfplotstableshare
d.code.tex
\c@pgfplotstable@counta=\count162
\t@pgfplotstable@a=\toks45
)
(/usr/share/texlive/texmf-dist/tex/generic/pgfplots/liststructure/pgfplotsdeque
.code.tex)
(/usr/share/texlive/texmf-dist/tex/generic/pgfplots/util/pgfplotsbinary.code.te
x
(/usr/share/texlive/texmf-dist/tex/generic/pgfplots/util/pgfplotsbinary.data.co
de.tex))
(/usr/share/texlive/texmf-dist/tex/generic/pgfplots/util/pgfplotsutil.verb.code
.tex)
(/usr/share/texlive/texmf-dist/tex/generic/pgfplots/libs/pgflibrarypgfplots.sur
fshading.code.tex
\c@pgfplotslibrarysurf@no=\count163

(/usr/share/texlive/texmf-dist/tex/generic/pgfplots/sys/pgflibrarypgfplots.surf
shading.pgfsys-pdftex.def)))
(/usr/share/texlive/texmf-dist/tex/generic/pgfplots/util/pgfplotscolormap.code.
tex
(/usr/share/texlive/texmf-dist/tex/generic/pgfplots/util/pgfplotscolor.code.tex
))
(/usr/share/texlive/texmf-dist/tex/generic/pgfplots/pgfplotsstackedplots.code.t
ex)
(/usr/share/texlive/texmf-dist/tex/generic/pgfplots/pgfplotsplothandlers.code.t
ex
(/usr/share/texlive/texmf-dist/tex/generic/pgfplots/pgfplotsmeshplothandler.cod
e.tex))
(/usr/share/texlive/texmf-dist/tex/generic/pgfplots/pgfplots.scaling.code.tex)
(/usr/share/texlive/texmf-dist/tex/generic/pgfplots/pgfplotscoordprocessing.cod
e.tex)
(/usr/share/texlive/texmf-dist/tex/generic/pgfplots/pgfplots.errorbars.code.tex
) (/usr/share/texlive/texmf-dist/tex/generic/pgfplots/pgfplots.markers.code.tex
) (/usr/share/texlive/texmf-dist/tex/generic/pgfplots/pgfplotsticks.code.tex)
(/usr/share/texlive/texmf-dist/tex/generic/pgfplots/pgfplots.paths.code.tex)
(/usr/share/texlive/texmf-dist/tex/generic/pgf/frontendlayer/tikz/libraries/tik
zlibrarydecorations.code.tex
(/usr/share/texlive/texmf-dist/tex/generic/pgf/modules/pgfmoduledecorations.cod
e.tex
\pgfdecoratedcompleteddistance=\dimen198
\pgfdecoratedremainingdistance=\dimen199
\pgfdecoratedinputsegmentcompleteddistance=\dimen200
\pgfdecoratedinputsegmentremainingdistance=\dimen201
\pgf@decorate@distancetomove=\dimen202
\pgf@decorate@repeatstate=\count164
\pgfdecorationsegmentamplitude=\dimen203
\pgfdecorationsegmentlength=\dimen204
)
\tikz@lib@dec@box=\box46
)
(/usr/share/texlive/texmf-dist/tex/generic/pgf/frontendlayer/tikz/libraries/tik
zlibrarydecorations.pathmorphing.code.tex
(/usr/share/texlive/texmf-dist/tex/generic/pgf/libraries/decorations/pgflibrary
decorations.pathmorphing.code.tex))
(/usr/share/texlive/texmf-dist/tex/generic/pgf/frontendlayer/tikz/libraries/tik
zlibrarydecorations.pathreplacing.code.tex
(/usr/share/texlive/texmf-dist/tex/generic/pgf/libraries/decorations/pgflibrary
decorations.pathreplacing.code.tex))
\pgfplots@numplots=\count165
\pgfplots@xmin@reg=\dimen205
\pgfplots@xmax@reg=\dimen206
\pgfplots@ymin@reg=\dimen207
\pgfplots@ymax@reg=\dimen208
\pgfplots@zmin@reg=\dimen209
\pgfplots@zmax@reg=\dimen210
)
(/usr/share/texlive/texmf-dist/tex/generic/pgf/frontendlayer/tikz/libraries/tik
zlibraryplotmarks.code.tex
File: tikzlibraryplotmarks.code.tex 2008/01/09 v3.0.0 (rcs-revision 1.1)

(/usr/share/texlive/texmf-dist/tex/generic/pgf/libraries/pgflibraryplotmarks.co
de.tex
File: pgflibraryplotmarks.code.tex 2013/07/20 v3.0.0 (rcs-revision 1.13)
))) (/usr/share/texlive/texmf-dist/tex/latex/psnfss/times.sty
Package: times 2005/04/12 PSNFSS-v9.2a (SPQR) 
)
(/usr/share/texlive/texmf-dist/tex/latex/base/inputenc.sty
Package: inputenc 2014/04/30 v1.2b Input encoding file
\inpenc@prehook=\toks46
\inpenc@posthook=\toks47

(/usr/share/texlive/texmf-dist/tex/latex/base/utf8.def
File: utf8.def 2014/09/29 v1.1m UTF-8 support for inputenc
Now handling font encoding OML ...
... no UTF-8 mapping file for font encoding OML
Now handling font encoding T1 ...
... processing UTF-8 mapping file for font encoding T1

(/usr/share/texlive/texmf-dist/tex/latex/base/t1enc.dfu
File: t1enc.dfu 2014/09/29 v1.1m UTF-8 support for inputenc
   defining Unicode char U+00A1 (decimal 161)
   defining Unicode char U+00A3 (decimal 163)
   defining Unicode char U+00AB (decimal 171)
   defining Unicode char U+00BB (decimal 187)
   defining Unicode char U+00BF (decimal 191)
   defining Unicode char U+00C0 (decimal 192)
   defining Unicode char U+00C1 (decimal 193)
   defining Unicode char U+00C2 (decimal 194)
   defining Unicode char U+00C3 (decimal 195)
   defining Unicode char U+00C4 (decimal 196)
   defining Unicode char U+00C5 (decimal 197)
   defining Unicode char U+00C6 (decimal 198)
   defining Unicode char U+00C7 (decimal 199)
   defining Unicode char U+00C8 (decimal 200)
   defining Unicode char U+00C9 (decimal 201)
   defining Unicode char U+00CA (decimal 202)
   defining Unicode char U+00CB (decimal 203)
   defining Unicode char U+00CC (decimal 204)
   defining Unicode char U+00CD (decimal 205)
   defining Unicode char U+00CE (decimal 206)
   defining Unicode char U+00CF (decimal 207)
   defining Unicode char U+00D0 (decimal 208)
   defining Unicode char U+00D1 (decimal 209)
   defining Unicode char U+00D2 (decimal 210)
   defining Unicode char U+00D3 (decimal 211)
   defining Unicode char U+00D4 (decimal 212)
   defining Unicode char U+00D5 (decimal 213)
   defining Unicode char U+00D6 (decimal 214)
   defining Unicode char U+00D8 (decimal 216)
   defining Unicode char U+00D9 (decimal 217)
   defining Unicode char U+00DA (decimal 218)
   defining Unicode char U+00DB (decimal 219)
   defining Unicode char U+00DC (decimal 220)
   defining Unicode char U+00DD (decimal 221)
   defining Unicode char U+00DE (decimal 222)
   defining Unicode char U+00DF (decimal 223)
   defining Unicode char U+00E0 (decimal 224)
   defining Unicode char U+00E1 (decimal 225)
   defining Unicode char U+00E2 (decimal 226)
   defining Unicode char U+00E3 (decimal 227)
   defining Unicode char U+00E4 (decimal 228)
   defining Unicode char U+00E5 (decimal 229)
   defining Unicode char U+00E6 (decimal 230)
   defining Unicode char U+00E7 (decimal 231)
   defining Unicode char U+00E8 (decimal 232)
   defining Unicode char U+00E9 (decimal 233)
   defining Unicode char U+00EA (decimal 234)
   defining Unicode char U+00EB (decimal 235)
   defining Unicode char U+00EC (decimal 236)
   defining Unicode char U+00ED (decimal 237)
   defining Unicode char U+00EE (decimal 238)
   defining Unicode char U+00EF (decimal 239)
   defining Unicode char U+00F0 (decimal 240)
   defining Unicode char U+00F1 (decimal 241)
   defining Unicode char U+00F2 (decimal 242)
   defining Unicode char U+00F3 (decimal 243)
   defining Unicode char U+00F4 (decimal 244)
   defining Unicode char U+00F5 (decimal 245)
   defining Unicode char U+00F6 (decimal 246)
   defining Unicode char U+00F8 (decimal 248)
   defining Unicode char U+00F9 (decimal 249)
   defining Unicode char U+00FA (decimal 250)
   defining Unicode char U+00FB (decimal 251)
   defining Unicode char U+00FC (decimal 252)
   defining Unicode char U+00FD (decimal 253)
   defining Unicode char U+00FE (decimal 254)
   defining Unicode char U+00FF (decimal 255)
   defining Unicode char U+0102 (decimal 258)
   defining Unicode char U+0103 (decimal 259)
   defining Unicode char U+0104 (decimal 260)
   defining Unicode char U+0105 (decimal 261)
   defining Unicode char U+0106 (decimal 262)
   defining Unicode char U+0107 (decimal 263)
   defining Unicode char U+010C (decimal 268)
   defining Unicode char U+010D (decimal 269)
   defining Unicode char U+010E (decimal 270)
   defining Unicode char U+010F (decimal 271)
   defining Unicode char U+0110 (decimal 272)
   defining Unicode char U+0111 (decimal 273)
   defining Unicode char U+0118 (decimal 280)
   defining Unicode char U+0119 (decimal 281)
   defining Unicode char U+011A (decimal 282)
   defining Unicode char U+011B (decimal 283)
   defining Unicode char U+011E (decimal 286)
   defining Unicode char U+011F (decimal 287)
   defining Unicode char U+0130 (decimal 304)
   defining Unicode char U+0131 (decimal 305)
   defining Unicode char U+0132 (decimal 306)
   defining Unicode char U+0133 (decimal 307)
   defining Unicode char U+0139 (decimal 313)
   defining Unicode char U+013A (decimal 314)
   defining Unicode char U+013D (decimal 317)
   defining Unicode char U+013E (decimal 318)
   defining Unicode char U+0141 (decimal 321)
   defining Unicode char U+0142 (decimal 322)
   defining Unicode char U+0143 (decimal 323)
   defining Unicode char U+0144 (decimal 324)
   defining Unicode char U+0147 (decimal 327)
   defining Unicode char U+0148 (decimal 328)
   defining Unicode char U+014A (decimal 330)
   defining Unicode char U+014B (decimal 331)
   defining Unicode char U+0150 (decimal 336)
   defining Unicode char U+0151 (decimal 337)
   defining Unicode char U+0152 (decimal 338)
   defining Unicode char U+0153 (decimal 339)
   defining Unicode char U+0154 (decimal 340)
   defining Unicode char U+0155 (decimal 341)
   defining Unicode char U+0158 (decimal 344)
   defining Unicode char U+0159 (decimal 345)
   defining Unicode char U+015A (decimal 346)
   defining Unicode char U+015B (decimal 347)
   defining Unicode char U+015E (decimal 350)
   defining Unicode char U+015F (decimal 351)
   defining Unicode char U+0160 (decimal 352)
   defining Unicode char U+0161 (decimal 353)
   defining Unicode char U+0162 (decimal 354)
   defining Unicode char U+0163 (decimal 355)
   defining Unicode char U+0164 (decimal 356)
   defining Unicode char U+0165 (decimal 357)
   defining Unicode char U+016E (decimal 366)
   defining Unicode char U+016F (decimal 367)
   defining Unicode char U+0170 (decimal 368)
   defining Unicode char U+0171 (decimal 369)
   defining Unicode char U+0178 (decimal 376)
   defining Unicode char U+0179 (decimal 377)
   defining Unicode char U+017A (decimal 378)
   defining Unicode char U+017B (decimal 379)
   defining Unicode char U+017C (decimal 380)
   defining Unicode char U+017D (decimal 381)
   defining Unicode char U+017E (decimal 382)
   defining Unicode char U+200C (decimal 8204)
   defining Unicode char U+2013 (decimal 8211)
   defining Unicode char U+2014 (decimal 8212)
   defining Unicode char U+2018 (decimal 8216)
   defining Unicode char U+2019 (decimal 8217)
   defining Unicode char U+201A (decimal 8218)
   defining Unicode char U+201C (decimal 8220)
   defining Unicode char U+201D (decimal 8221)
   defining Unicode char U+201E (decimal 8222)
   defining Unicode char U+2030 (decimal 8240)
   defining Unicode char U+2031 (decimal 8241)
   defining Unicode char U+2039 (decimal 8249)
   defining Unicode char U+203A (decimal 8250)
   defining Unicode char U+2423 (decimal 9251)
)
Now handling font encoding OT1 ...
... processing UTF-8 mapping file for font encoding OT1

(/usr/share/texlive/texmf-dist/tex/latex/base/ot1enc.dfu
File: ot1enc.dfu 2014/09/29 v1.1m UTF-8 support for inputenc
   defining Unicode char U+00A1 (decimal 161)
   defining Unicode char U+00A3 (decimal 163)
   defining Unicode char U+00B8 (decimal 184)
   defining Unicode char U+00BF (decimal 191)
   defining Unicode char U+00C5 (decimal 197)
   defining Unicode char U+00C6 (decimal 198)
   defining Unicode char U+00D8 (decimal 216)
   defining Unicode char U+00DF (decimal 223)
   defining Unicode char U+00E6 (decimal 230)
   defining Unicode char U+00EC (decimal 236)
   defining Unicode char U+00ED (decimal 237)
   defining Unicode char U+00EE (decimal 238)
   defining Unicode char U+00EF (decimal 239)
   defining Unicode char U+00F8 (decimal 248)
   defining Unicode char U+0131 (decimal 305)
   defining Unicode char U+0141 (decimal 321)
   defining Unicode char U+0142 (decimal 322)
   defining Unicode char U+0152 (decimal 338)
   defining Unicode char U+0153 (decimal 339)
   defining Unicode char U+2013 (decimal 8211)
   defining Unicode char U+2014 (decimal 8212)
   defining Unicode char U+2018 (decimal 8216)
   defining Unicode char U+2019 (decimal 8217)
   defining Unicode char U+201C (decimal 8220)
   defining Unicode char U+201D (decimal 8221)
)
Now handling font encoding OMS ...
... processing UTF-8 mapping file for font encoding OMS

(/usr/share/texlive/texmf-dist/tex/latex/base/omsenc.dfu
File: omsenc.dfu 2014/09/29 v1.1m UTF-8 support for inputenc
   defining Unicode char U+00A7 (decimal 167)
   defining Unicode char U+00B6 (decimal 182)
   defining Unicode char U+00B7 (decimal 183)
   defining Unicode char U+2020 (decimal 8224)
   defining Unicode char U+2021 (decimal 8225)
   defining Unicode char U+2022 (decimal 8226)
)
Now handling font encoding OMX ...
... no UTF-8 mapping file for font encoding OMX
Now handling font encoding U ...
... no UTF-8 mapping file for font encoding U
Now handling font encoding PD1 ...
... no UTF-8 mapping file for font encoding PD1
Now handling font encoding PU ...
... no UTF-8 mapping file for font encoding PU
   defining Unicode char U+00A9 (decimal 169)
   defining Unicode char U+00AA (decimal 170)
   defining Unicode char U+00AE (decimal 174)
   defining Unicode char U+00BA (decimal 186)
   defining Unicode char U+02C6 (decimal 710)
   defining Unicode char U+02DC (decimal 732)
   defining Unicode char U+200C (decimal 8204)
   defining Unicode char U+2026 (decimal 8230)
   defining Unicode char U+2122 (decimal 8482)
   defining Unicode char U+2423 (decimal 9251)
))
(/usr/share/texlive/texmf-dist/tex/latex/base/fontenc.sty
Package: fontenc 2005/09/27 v1.99g Standard LaTeX package

(/usr/share/texlive/texmf-dist/tex/latex/base/t1enc.def
File: t1enc.def 2005/09/27 v1.99g Standard LaTeX file
LaTeX Font Info:    Redeclaring font encoding T1 on input line 43.
))
(/usr/share/texlive/texmf-dist/tex/latex/doublestroke/dsfont.sty
Package: dsfont 1995/08/01 v0.1 Double stroke roman fonts
)
(/usr/share/texlive/texmf-dist/tex/latex/float/float.sty
Package: float 2001/11/08 v1.3d Float enhancements (AL)
\c@float@type=\count166
\float@exts=\toks48
\float@box=\box47
\@float@everytoks=\toks49
\@floatcapt=\box48
)
(/usr/share/texlive/texmf-dist/tex/latex/algorithms/algorithm.sty
Package: algorithm 2009/08/24 v0.1 Document Style `algorithm' - floating enviro
nment
\@float@every@algorithm=\toks50
\c@algorithm=\count167
)
(/usr/share/texlive/texmf-dist/tex/latex/algorithms/algorithmic.sty
Package: algorithmic 2009/08/24 v0.1 Document Style `algorithmic'
\c@ALC@unique=\count168
\c@ALC@line=\count169
\c@ALC@rem=\count170
\c@ALC@depth=\count171
\ALC@tlm=\skip73
\algorithmicindent=\skip74
)
(/usr/share/texlive/texmf-dist/tex/latex/mdframed/mdframed.sty
Package: mdframed 2013/07/01 1.9b: mdframed

(/usr/share/texlive/texmf-dist/tex/latex/l3packages/xparse/xparse.sty
(/usr/share/texlive/texmf-dist/tex/latex/l3kernel/expl3.sty
Package: expl3 2014/09/15 v5423 L3 programming layer (loader) 

(/usr/share/texlive/texmf-dist/tex/latex/l3kernel/expl3-code.tex
Package: expl3 2014/09/15 v5423 L3 programming layer (code) 
L3 Module: l3bootstrap 2014/08/23 v5354 L3 Bootstrap code

(/usr/share/texlive/texmf-dist/tex/latex/etex-pkg/etex.sty
Package: etex 1998/03/26 v2.0 eTeX basic definition package (PEB)
\et@xins=\count172
)
L3 Module: l3names 2014/08/22 v5343 L3 Namespace for primitives
L3 Module: l3basics 2014/08/24 v5364 L3 Basic definitions
L3 Module: l3expan 2014/08/22 v5349 L3 Argument expansion
L3 Module: l3tl 2014/08/24 v5359 L3 Token lists
L3 Module: l3str 2014/08/24 v5368 L3 Strings
L3 Module: l3seq 2014/08/23 v5354 L3 Sequences and stacks
L3 Module: l3int 2014/09/14 v5421 L3 Integers
\c_max_int=\count173
\l_tmpa_int=\count174
\l_tmpb_int=\count175
\g_tmpa_int=\count176
\g_tmpb_int=\count177
L3 Module: l3quark 2014/08/23 v5354 L3 Quarks
L3 Module: l3prg 2014/08/23 v5354 L3 Control structures
\g__prg_map_int=\count178
L3 Module: l3clist 2014/08/23 v5354 L3 Comma separated lists
L3 Module: l3token 2014/09/15 v5422 L3 Experimental token manipulation
L3 Module: l3prop 2014/08/23 v5354 L3 Property lists
L3 Module: l3msg 2014/08/24 v5358 L3 Messages
L3 Module: l3file 2014/08/24 v5369 L3 File and I/O operations
\l_iow_line_count_int=\count179
\l__iow_target_count_int=\count180
\l__iow_current_line_int=\count181
\l__iow_current_word_int=\count182
\l__iow_current_indentation_int=\count183
L3 Module: l3skip 2014/08/23 v5354 L3 Dimensions and skips
Normal \dimen register pool exhausted, switching to extended pool.
\c_zero_dim=\dimen256
\c_max_dim=\dimen257
\l_tmpa_dim=\dimen258
\l_tmpb_dim=\dimen259
\g_tmpa_dim=\dimen260
\g_tmpb_dim=\dimen261
\c_zero_skip=\skip75
\c_max_skip=\skip76
\l_tmpa_skip=\skip77
\l_tmpb_skip=\skip78
\g_tmpa_skip=\skip79
\g_tmpb_skip=\skip80
\c_zero_muskip=\muskip12
\c_max_muskip=\muskip13
\l_tmpa_muskip=\muskip14
\l_tmpb_muskip=\muskip15
\g_tmpa_muskip=\muskip16
\g_tmpb_muskip=\muskip17
L3 Module: l3keys 2014/08/23 v5354 L3 Key-value interfaces
\g__keyval_level_int=\count184
\l_keys_choice_int=\count185
L3 Module: l3fp 2014/08/22 v5336 L3 Floating points
\c__fp_leading_shift_int=\count186
\c__fp_middle_shift_int=\count187
\c__fp_trailing_shift_int=\count188
\c__fp_big_leading_shift_int=\count189
\c__fp_big_middle_shift_int=\count190
\c__fp_big_trailing_shift_int=\count191
\c__fp_Bigg_leading_shift_int=\count192
\c__fp_Bigg_middle_shift_int=\count193
\c__fp_Bigg_trailing_shift_int=\count194
L3 Module: l3box 2014/08/23 v5354 L3 Experimental boxes
\c_empty_box=\box49
\l_tmpa_box=\box50
\l_tmpb_box=\box51
\g_tmpa_box=\box52
\g_tmpb_box=\box53
L3 Module: l3coffins 2014/08/23 v5354 L3 Coffin code layer
\l__coffin_internal_box=\box54
\l__coffin_internal_dim=\dimen262
\l__coffin_offset_x_dim=\dimen263
\l__coffin_offset_y_dim=\dimen264
\l__coffin_x_dim=\dimen265
\l__coffin_y_dim=\dimen266
\l__coffin_x_prime_dim=\dimen267
\l__coffin_y_prime_dim=\dimen268
\c_empty_coffin=\box55
\l__coffin_aligned_coffin=\box56
\l__coffin_aligned_internal_coffin=\box57
\l_tmpa_coffin=\box58
\l_tmpb_coffin=\box59
\l__coffin_display_coffin=\box60
\l__coffin_display_coord_coffin=\box61
\l__coffin_display_pole_coffin=\box62
\l__coffin_display_offset_dim=\dimen269
\l__coffin_display_x_dim=\dimen270
\l__coffin_display_y_dim=\dimen271
L3 Module: l3color 2014/08/23 v5354 L3 Experimental color support
L3 Module: l3candidates 2014/08/24 v5366 L3 Experimental additions to l3kernel
\l__box_top_dim=\dimen272
\l__box_bottom_dim=\dimen273
\l__box_left_dim=\dimen274
\l__box_right_dim=\dimen275
\l__box_top_new_dim=\dimen276
\l__box_bottom_new_dim=\dimen277
\l__box_left_new_dim=\dimen278
\l__box_right_new_dim=\dimen279
\l__box_internal_box=\box63
\l__coffin_bounding_shift_dim=\dimen280
\l__coffin_left_corner_dim=\dimen281
\l__coffin_right_corner_dim=\dimen282
\l__coffin_bottom_corner_dim=\dimen283
\l__coffin_top_corner_dim=\dimen284
\l__coffin_scaled_total_height_dim=\dimen285
\l__coffin_scaled_width_dim=\dimen286
)
(/usr/share/texlive/texmf-dist/tex/latex/l3kernel/l3unicode-data.def
File: l3unicode-data.def 2014/08/12 v5276 L3 Unicode data
)
(/usr/share/texlive/texmf-dist/tex/latex/l3kernel/l3pdfmode.def
File: l3pdfmode.def 2014/08/24 v5366 L3 Experimental driver: PDF mode
\l__driver_color_stack_int=\count195
))
Package: xparse 2014/09/15 v5423 L3 Experimental document command parser
\l__xparse_current_arg_int=\count196
\l__xparse_m_args_int=\count197
\l__xparse_mandatory_args_int=\count198
\l__xparse_processor_int=\count199
\l__xparse_v_nesting_int=\count200
)
(/usr/share/texlive/texmf-dist/tex/latex/etoolbox/etoolbox.sty
Package: etoolbox 2011/01/03 v2.1 e-TeX tools for LaTeX
\etb@tempcnta=\count201
)
(/usr/share/texlive/texmf-dist/tex/latex/oberdiek/zref-abspage.sty
Package: zref-abspage 2012/04/04 v2.24 Module abspage for zref (HO)

(/usr/share/texlive/texmf-dist/tex/latex/oberdiek/zref-base.sty
Package: zref-base 2012/04/04 v2.24 Module base for zref (HO)
Package zref Info: New property list: main on input line 759.
Package zref Info: New property: default on input line 760.
Package zref Info: New property: page on input line 761.
)
Normal \count register pool exhausted, switching to extended pool.
\c@abspage=\count277
Package zref Info: New property: abspage on input line 62.
)
(/usr/share/texlive/texmf-dist/tex/latex/needspace/needspace.sty
Package: needspace 2010/09/12 v1.3d reserve vertical space
)
\mdf@templength=\skip81
\c@mdf@globalstyle@cnt=\count278
\mdf@skipabove@length=\skip82
\mdf@skipbelow@length=\skip83
\mdf@leftmargin@length=\skip84
\mdf@rightmargin@length=\skip85
\mdf@innerleftmargin@length=\skip86
\mdf@innerrightmargin@length=\skip87
\mdf@innertopmargin@length=\skip88
\mdf@innerbottommargin@length=\skip89
\mdf@splittopskip@length=\skip90
\mdf@splitbottomskip@length=\skip91
\mdf@outermargin@length=\skip92
\mdf@innermargin@length=\skip93
\mdf@linewidth@length=\skip94
\mdf@innerlinewidth@length=\skip95
\mdf@middlelinewidth@length=\skip96
\mdf@outerlinewidth@length=\skip97
\mdf@roundcorner@length=\skip98
\mdf@footenotedistance@length=\skip99
\mdf@userdefinedwidth@length=\skip100
\mdf@needspace@length=\skip101
\mdf@frametitleaboveskip@length=\skip102
\mdf@frametitlebelowskip@length=\skip103
\mdf@frametitlerulewidth@length=\skip104
\mdf@frametitleleftmargin@length=\skip105
\mdf@frametitlerightmargin@length=\skip106
\mdf@shadowsize@length=\skip107
\mdf@extratopheight@length=\skip108
\mdf@subtitleabovelinewidth@length=\skip109
\mdf@subtitlebelowlinewidth@length=\skip110
\mdf@subtitleaboveskip@length=\skip111
\mdf@subtitlebelowskip@length=\skip112
\mdf@subtitleinneraboveskip@length=\skip113
\mdf@subtitleinnerbelowskip@length=\skip114
\mdf@subsubtitleabovelinewidth@length=\skip115
\mdf@subsubtitlebelowlinewidth@length=\skip116
\mdf@subsubtitleaboveskip@length=\skip117
\mdf@subsubtitlebelowskip@length=\skip118
\mdf@subsubtitleinneraboveskip@length=\skip119
\mdf@subsubtitleinnerbelowskip@length=\skip120

(/usr/share/texlive/texmf-dist/tex/latex/mdframed/md-frame-0.mdf
File: md-frame-0.mdf 2013/07/01\ 1.9b: md-frame-0
)
\mdf@frametitlebox=\box64
\mdf@footnotebox=\box65
\mdf@splitbox@one=\box66
\mdf@splitbox@two=\box67
\mdf@splitbox@save=\box68
\mdfsplitboxwidth=\skip121
\mdfsplitboxtotalwidth=\skip122
\mdfsplitboxheight=\skip123
\mdfsplitboxdepth=\skip124
\mdfsplitboxtotalheight=\skip125
\mdfframetitleboxwidth=\skip126
\mdfframetitleboxtotalwidth=\skip127
\mdfframetitleboxheight=\skip128
\mdfframetitleboxdepth=\skip129
\mdfframetitleboxtotalheight=\skip130
\mdffootnoteboxwidth=\skip131
\mdffootnoteboxtotalwidth=\skip132
\mdffootnoteboxheight=\skip133
\mdffootnoteboxdepth=\skip134
\mdffootnoteboxtotalheight=\skip135
\mdftotallinewidth=\skip136
\mdfboundingboxwidth=\skip137
\mdfboundingboxtotalwidth=\skip138
\mdfboundingboxheight=\skip139
\mdfboundingboxdepth=\skip140
\mdfboundingboxtotalheight=\skip141
\mdf@freevspace@length=\skip142
\mdf@horizontalwidthofbox@length=\skip143
\mdf@verticalmarginwhole@length=\skip144
\mdf@horizontalspaceofbox=\skip145
\mdfsubtitleheight=\skip146
\mdfsubsubtitleheight=\skip147
\c@mdfcountframes=\count279

****** mdframed patching \endmdf@trivlist

****** -- success******

.................................................
. LaTeX info: "xparse/define-command"
. 
. Defining command \newmdtheoremenv with sig. 'O{} m o m o ' on line 601.
.................................................
.................................................
. LaTeX info: "xparse/define-command"
. 
. Defining command \mdtheorem with sig. ' O{} m o m o ' on line 701.
.................................................
\mdf@envdepth=\count280
\c@mdf@env@i=\count281
\c@mdf@env@ii=\count282
\c@mdf@zref@counter=\count283
Package zref Info: New property: mdf@pagevalue on input line 895.
)
(/usr/share/texlive/texmf-dist/tex/latex/minted/minted.sty
Package: minted 2011/09/17 v1.7 Yet another Pygments shim for LaTeX

(/usr/share/texlive/texmf-dist/tex/latex/fancyvrb/fancyvrb.sty
Package: fancyvrb 2008/02/07

Style option: `fancyvrb' v2.7a, with DG/SPQR fixes, and firstline=lastline fix 
<2008/02/07> (tvz)
\FV@CodeLineNo=\count284
\FV@InFile=\read2
\FV@TabBox=\box69
\c@FancyVerbLine=\count285
\FV@StepNumber=\count286
\FV@OutFile=\write5
) (/usr/share/texlive/texmf-dist/tex/latex/tools/calc.sty
Package: calc 2014/10/28 v4.3 Infix arithmetic (KKT,FJ)
\calc@Acount=\count287
\calc@Bcount=\count288
\calc@Adimen=\dimen287
\calc@Bdimen=\dimen288
\calc@Askip=\skip148
\calc@Bskip=\skip149
LaTeX Info: Redefining \setlength on input line 75.
LaTeX Info: Redefining \addtolength on input line 76.
\calc@Ccount=\count289
\calc@Cskip=\skip150
)
(/usr/share/texlive/texmf-dist/tex/latex/ifplatform/ifplatform.sty
Package: ifplatform 2010/10/22 v0.4 Testing for the operating system

(/usr/share/texlive/texmf-dist/tex/generic/oberdiek/catchfile.sty
Package: catchfile 2011/03/01 v1.6 Catch the contents of a file (HO)
)
runsystem(uname -s > "thesis.w18")...executed.


(./thesis.w18)
runsystem(rm -- "thesis.w18")...executed.

)
\minted@bgbox=\box70
\minted@code=\write6
\@float@every@listing=\toks51
\c@listing=\count290
)
runsystem(which pygmentize && touch thesis.aex)...executed.

runsystem(rm thesis.aex)...executed.

 (/usr/share/texlive/texmf-dist/tex/generic/ulem/ulem.sty
\UL@box=\box71
\UL@hyphenbox=\box72
\UL@skip=\skip151
\UL@hook=\toks52
\UL@height=\dimen289
\UL@pe=\count291
\UL@pixel=\dimen290
\ULC@box=\box73
Package: ulem 2012/05/18
\ULdepth=\dimen291
)
\c@remarque=\count292
\c@notation=\count293
\c@assumption=\count294

(/usr/share/texlive/texmf-dist/tex/latex/epigraph/epigraph.sty
Package: epigraph 2009/09/02 v1.5c typesetting epigraphs
\beforeepigraphskip=\skip152
\afterepigraphskip=\skip153
\epigraphwidth=\skip154
\epigraphrule=\skip155
)
(/usr/share/texlive/texmf-dist/tex/latex/gastex/gastex.sty
Package: gastex 2006/11/28 v2.8
\c@cnt@a=\count295
\c@cnt@b=\count296
\c@cnt@c=\count297
\dim@x=\dimen292
\dim@y=\dimen293
\temp@box=\box74
\d@my@unit=\dimen294
\c@cnt@@a=\count298
\c@cnt@@b=\count299
\c@cnt@@c=\count300
)
(/usr/share/texlive/texmf-dist/tex/latex/natbib/bibentry.sty
Package: bibentry 2007/10/30 1.5 (PWD)
)
(/usr/share/texlive/texmf-dist/tex/latex/titlesec/titlesec.sty
Package: titlesec 2011/12/15 v2.10.0 Sectioning titles
\ttl@box=\box75
\beforetitleunit=\skip156
\aftertitleunit=\skip157
\ttl@plus=\dimen295
\ttl@minus=\dimen296
\ttl@toksa=\toks53
\titlewidth=\dimen297
\titlewidthlast=\dimen298
\titlewidthfirst=\dimen299
)
(/usr/share/texlive/texmf-dist/tex/latex/titlesec/frame.tss
File: frame.tss 2011/12/15
)
(/usr/share/texlive/texmf-dist/tex/latex/oberdiek/hypcap.sty
Package: hypcap 2011/02/16 v1.11 Adjusting the anchors of captions (HO)
)) (./thesis.aux)
\openout1 = `thesis.aux'.

LaTeX Font Info:    Checking defaults for OML/cmm/m/it on input line 25.
LaTeX Font Info:    ... okay on input line 25.
LaTeX Font Info:    Checking defaults for T1/cmr/m/n on input line 25.
LaTeX Font Info:    ... okay on input line 25.
LaTeX Font Info:    Checking defaults for OT1/cmr/m/n on input line 25.
LaTeX Font Info:    ... okay on input line 25.
LaTeX Font Info:    Checking defaults for OMS/cmsy/m/n on input line 25.
LaTeX Font Info:    ... okay on input line 25.
LaTeX Font Info:    Checking defaults for OMX/cmex/m/n on input line 25.
LaTeX Font Info:    ... okay on input line 25.
LaTeX Font Info:    Checking defaults for U/cmr/m/n on input line 25.
LaTeX Font Info:    ... okay on input line 25.
LaTeX Font Info:    Checking defaults for PD1/pdf/m/n on input line 25.
LaTeX Font Info:    ... okay on input line 25.
LaTeX Font Info:    Checking defaults for PU/pdf/m/n on input line 25.
LaTeX Font Info:    ... okay on input line 25.
LaTeX Font Info:    Try loading font information for T1+ptm on input line 25.

(/usr/share/texlive/texmf-dist/tex/latex/psnfss/t1ptm.fd
File: t1ptm.fd 2001/06/04 font definitions for T1/ptm.
)
Package caption Info: Begin \AtBeginDocument code.
Package caption Info: float package is loaded.
Package caption Info: hyperref package is loaded.
Package caption Info: hypcap package is loaded.
Package caption Info: listings package is loaded.
Package caption Info: longtable package is loaded.

(/usr/share/texlive/texmf-dist/tex/latex/caption/ltcaption.sty
Package: ltcaption 2013/02/03 v1.3-62 longtable captions (AR)
)
Package caption Info: rotating package is loaded.
Package caption Info: subfigure package is loaded.
Package caption Info: End \AtBeginDocument code.

(/usr/share/texlive/texmf-dist/tex/context/base/supp-pdf.mkii
[Loading MPS to PDF converter (version 2006.09.02).]
\scratchcounter=\count301
\scratchdimen=\dimen300
\scratchbox=\box76
\nofMPsegments=\count302
\nofMParguments=\count303
\everyMPshowfont=\toks54
\MPscratchCnt=\count304
\MPscratchDim=\dimen301
\MPnumerator=\count305
\makeMPintoPDFobject=\count306
\everyMPtoPDFconversion=\toks55
)
\c@lstlisting=\count307
\AtBeginShipoutBox=\box77


Package hyperref Warning: Draft mode on.

Package hyperref Info: Link coloring ON on input line 25.
(/usr/share/texlive/texmf-dist/tex/latex/hyperref/nameref.sty
Package: nameref 2012/10/27 v2.43 Cross-referencing by name of section

(/usr/share/texlive/texmf-dist/tex/generic/oberdiek/gettitlestring.sty
Package: gettitlestring 2010/12/03 v1.4 Cleanup title references (HO)
)
\c@section@level=\count308
)
LaTeX Info: Redefining \ref on input line 25.
LaTeX Info: Redefining \pageref on input line 25.
LaTeX Info: Redefining \nameref on input line 25.

ABD: EveryShipout initializing macros

Package pgfplots Warning: running in backwards compatibility mode (unsuitable t
ick labels; missing features). Consider writing \pgfplotsset{compat=1.11} into 
your preamble.
 on input line 25.

runsystem(pygmentize -S default -f latex > thesis.pyg)...executed.

(./thesis.pyg) (./thesis.bbl)
------------------------------------------------------------------------------
 Title Page
------------------------------------------------------------------------------
LaTeX Font Info:    Try loading font information for U+msa on input line 40.
(/usr/share/texlive/texmf-dist/tex/latex/amsfonts/umsa.fd
File: umsa.fd 2013/01/14 v3.01 AMS symbols A
)
LaTeX Font Info:    Try loading font information for U+msb on input line 40.

(/usr/share/texlive/texmf-dist/tex/latex/amsfonts/umsb.fd
File: umsb.fd 2013/01/14 v3.01 AMS symbols B
)
<images/Front/logo_TELECOM.png, id=4, 212.795pt x 212.795pt>
LaTeX Font Info:    Try loading font information for T1+pcr on input line 40.

(/usr/share/texlive/texmf-dist/tex/latex/psnfss/t1pcr.fd
File: t1pcr.fd 2001/06/04 font definitions for T1/pcr.
)
<images/Front/logo_ENSCACHAN.png, id=5, 401.8212pt x 217.5327pt>
<images/Front/logo_CNRS.jpg, id=7, 170.7981pt x 170.7981pt>
LaTeX Font Info:    Font shape `T1/ptm/bx/n' in size <17.28> not available
(Font)              Font shape `T1/ptm/b/n' tried instead on input line 40.
LaTeX Font Info:    Try loading font information for T1+phv on input line 40.

(/usr/share/texlive/texmf-dist/tex/latex/psnfss/t1phv.fd
File: t1phv.fd 2001/06/04 scalable font definitions for T1/phv.
)
LaTeX Font Info:    Font shape `T1/phv/bx/n' in size <17.28> not available
(Font)              Font shape `T1/phv/b/n' tried instead on input line 40.
LaTeX Font Info:    Font shape `T1/ptm/bx/n' in size <14.4> not available
(Font)              Font shape `T1/ptm/b/n' tried instead on input line 40.
LaTeX Font Info:    Font shape `T1/ptm/bx/n' in size <10.95> not available
(Font)              Font shape `T1/ptm/b/n' tried instead on input line 40.
LaTeX Font Info:    Font shape `T1/ptm/bx/sc' in size <14.4> not available
(Font)              Font shape `T1/ptm/b/sc' tried instead on input line 40.

Overfull \hbox (9.01118pt too wide) in paragraph at lines 40--40
 [][] |
 []

[1
Non-PDF special ignored!


Non-PDF special ignored!


{/var/lib/texmf/fonts/map/pdftex/updmap/pdftex.map}]
[2

] (./publilisting.tex
------------------------------------------------------------------------------
 List of Contributions
------------------------------------------------------------------------------
LaTeX Font Info:    Font shape `T1/phv/bx/n' in size <14.4> not available
(Font)              Font shape `T1/phv/b/n' tried instead on input line 1.
LaTeX Font Info:    Font shape `T1/ptm/bx/n' in size <12> not available
(Font)              Font shape `T1/ptm/b/n' tried instead on input line 4.
LaTeX Font Info:    Try loading font information for OMS+ptm on input line 6.
(/usr/share/texlive/texmf-dist/tex/latex/psnfss/omsptm.fd
File: omsptm.fd 
)
LaTeX Font Info:    Font shape `OMS/ptm/m/n' in size <10> not available
(Font)              Font shape `OMS/cmsy/m/n' tried instead on input line 6.
 [3


] [4

]) (./ack.tex
------------------------------------------------------------------------------
 Acknowledgements
------------------------------------------------------------------------------
[5

] [6

])
------------------------------------------------------------------------------
 Table of Contents
------------------------------------------------------------------------------
(./thesis.toc [7

] [8] [9])
\tf@toc=\write7
\openout7 = `thesis.toc'.

 [10]
------------------------------------------------------------------------------
 List of Figures
------------------------------------------------------------------------------
(./thesis.lof [11


] [12])
\tf@lof=\write8
\openout8 = `thesis.lof'.

 [13] [14

]
------------------------------------------------------------------------------
 List of Tables
------------------------------------------------------------------------------
(./thesis.lot)
\tf@lot=\write9
\openout9 = `thesis.lot'.

 [15

] [16

] [17] [18

]
Chapter 1.
------------------------------------------------------------------------------
 1.\hskip 1em\relax Summary
------------------------------------------------------------------------------
LaTeX Font Info:    Font shape `T1/ptm/bx/n' in size <24.88> not available
(Font)              Font shape `T1/ptm/b/n' tried instead on input line 78.
(./introduction.tex [1

]
LaTeX Font Info:    Font shape `T1/ptm/bx/n' in size <9> not available
(Font)              Font shape `T1/ptm/b/n' tried instead on input line 48.
LaTeX Font Info:    Try loading font information for U+dsrom on input line 92.

(/usr/share/texlive/texmf-dist/tex/latex/doublestroke/Udsrom.fd
File: Udsrom.fd 1995/08/01 v0.1 Double stroke roman font definitions
)
Overfull \hbox (6.5612pt too wide) in paragraph at lines 46--102
 [] |
 []

[2] [3] [4] [5] [6] [7]
Overfull \hbox (4.51656pt too wide) in paragraph at lines 428--428
[] |
 []

[8] [9] [10] [11] <fig_source/cone.png, id=129, 689.18933pt x 675.05832pt>
<fig_source/representation2D.png, id=130, 299.10284pt x 303.05923pt> [12]
LaTeX Font Info:    Font shape `OMS/ptm/m/n' in size <10.95> not available
(Font)              Font shape `OMS/cmsy/m/n' tried instead on input line 859.

[13] [14]
Package hyperref Info: bookmark level for unknown algorithm defaults to 0 on in
put line 933.
 [15] [16] [17] [18] [19]) [20]
Chapter 2.
------------------------------------------------------------------------------
 2.\hskip 1em\relax R\IeC {\'e}sum\IeC {\'e} des contributions en Fran\IeC {\c 
c}ais
------------------------------------------------------------------------------
(./resume_fr.tex [21

]

LaTeX Warning: Command \` invalid in math mode on input line 27.

Missing character: There is no  in font cmr8!

Overfull \hbox (6.5612pt too wide) in paragraph at lines 36--92
 [] |
 []

[22] [23]
Underfull \hbox (badness 1360) in paragraph at lines 132--135
\T1/ptm/m/n/10.95  pro-pre-ment par-ler, les critres que nous recher-chons so
nt des critres de \T1/ptm/m/it/10.95 rank-ing
 []

[24]

LaTeX Warning: Reference `aistat: chap' on page 25 undefined on input line 147.


[25]
Underfull \hbox (badness 1810) in paragraph at lines 218--220
[]\T1/ptm/m/n/10.95 L'objectif est alors de con-stru-ire une fonc-tion de score
 $[]$ en fonc-tion des don-nes
 []


LaTeX Warning: `h' float specifier changed to `ht'.

[26]

LaTeX Warning: Reference `resume_fr:eq: MV' on page 27 undefined on input line 
283.

[27]

LaTeX Warning: Reference `resume_fr:solomeg ' on page 28 undefined on input lin
e 289.


Overfull \hbox (4.51656pt too wide) in paragraph at lines 350--350
[] |
 []

[28]

LaTeX Warning: Reference `aistat: chap' on page 29 undefined on input line 373.


[29] [30] [31] [32] [33] [34] [35] [36] [37] [38] [39] [40]) [41] [42

]
LaTeX Font Info:    Font shape `T1/phv/bx/n' in size <24.88> not available
(Font)              Font shape `T1/phv/b/n' tried instead on input line 87.
 [43]
[44] (./background.tex
Chapter 3.
------------------------------------------------------------------------------
 3.\hskip 1em\relax Concentration Inequalities from the Method of bounded diffe
rences
------------------------------------------------------------------------------
LaTeX Font Info:    Font shape `T1/ptm/bx/n' in size <10> not available
(Font)              Font shape `T1/ptm/b/n' tried instead on input line 5.
LaTeX Font Info:    Font shape `T1/ptm/bx/it' in size <10.95> not available
(Font)              Font shape `T1/ptm/b/it' tried instead on input line 37.
[45

] [46] [47] [48] [49] [50] [51]
Overfull \hbox (3.54814pt too wide) in paragraph at lines 415--415
[] |
 []

[52] [53]
Overfull \hbox (3.74083pt too wide) in paragraph at lines 457--457
[] |
 []


Overfull \hbox (7.11525pt too wide) in paragraph at lines 477--477
[] |
 []

[54] [55] [56] [57] [58

]
Chapter 4.
------------------------------------------------------------------------------
 4.\hskip 1em\relax Extreme Value Theory
------------------------------------------------------------------------------
[59] <fig_source/GEV.png, id=288, 586.8324pt x 442.2924pt> [60]
LaTeX Font Info:    Font shape `OMS/ptm/m/it' in size <10.95> not available
(Font)              Font shape `OMS/cmsy/m/n' tried instead on input line 694.
 [61]
Underfull \hbox (badness 2142) in paragraph at lines 737--757
\T1/ptm/m/n/10.95 for all con-ti-nu-ity points $\OT1/cmr/bx/n/10.95 x \OMS/cmsy
/m/n/10.95 2 \U/msb/m/n/10.95 R[]$ \T1/ptm/m/n/10.95 of $\OT1/cmr/bx/n/10.95 G$
\T1/ptm/m/n/10.95 . This clearly im-plies that the mar-gins
 []

[62] [63]
Overfull \hbox (8.5852pt too wide) in paragraph at lines 888--888
[] |
 []

[64]
Chapter 5.
------------------------------------------------------------------------------
 5.\hskip 1em\relax Background on classical Anomaly Detection algorithms
------------------------------------------------------------------------------
[65

] <fig_source/OCSVM_hard.png, id=310, 481.67186pt x 176.44644pt> [66]
<fig_source/OCSVM_soft.png, id=314, 482.8251pt x 178.36852pt> [67] [68]
[69]
\openout5 = `thesis.pyg'.

runsystem(pygmentize -l python -f latex -F tokenmerge             -P "verboptio
ns= ,fontfamily=courier,fontsize=\footnotesize " -o thesis.out.pyg thesis.pyg).
..executed.

 (./thesis.out.pyg
LaTeX Font Info:    Font shape `T1/pcr/m/it' in size <9> not available
(Font)              Font shape `T1/pcr/m/sl' tried instead on input line 2.
LaTeX Font Info:    Font shape `T1/pcr/bx/n' in size <9> not available
(Font)              Font shape `T1/pcr/b/n' tried instead on input line 3.
)
runsystem(rm thesis.out.pyg)...executed.

runsystem(rm thesis.pyg)...executed.


Underfull \hbox (badness 10000) in paragraph at lines 1150--1151

 []

[70]
\openout5 = `thesis.pyg'.

runsystem(pygmentize -l python -f latex -F tokenmerge             -P "verboptio
ns= ,fontfamily=courier,fontsize=\footnotesize " -o thesis.out.pyg thesis.pyg).
..executed.

 (./thesis.out.pyg)
runsystem(rm thesis.out.pyg)...executed.

runsystem(rm thesis.pyg)...executed.


Underfull \hbox (badness 10000) in paragraph at lines 1162--1163

 []

<fig_source/lof.png, id=330, 586.8324pt x 442.2924pt>
Package mdframed Info: mdframed works in twoside mode on input line 1176.
Package mdframed Info: mdframed detected package amsthm 
 changed the theorem header of amsthm
(mdframed)              on input line 1176.
\openout5 = `thesis.pyg'.

runsystem(pygmentize -l python -f latex -F tokenmerge             -P "verboptio
ns= ,fontfamily=courier,fontsize=\scriptsize " -o thesis.out.pyg thesis.pyg)...
executed.

 (./thesis.out.pyg
LaTeX Font Info:    Font shape `T1/pcr/m/it' in size <8> not available
(Font)              Font shape `T1/pcr/m/sl' tried instead on input line 2.
LaTeX Font Info:    Font shape `T1/pcr/bx/n' in size <8> not available
(Font)              Font shape `T1/pcr/b/n' tried instead on input line 11.
)
runsystem(rm thesis.out.pyg)...executed.

runsystem(rm thesis.pyg)...executed.


[71] <fig_source/ideeIF.png, id=334, 231.05751pt x 137.72597pt>
Overfull \hbox (6.1739pt too wide) in paragraph at lines 1239--1240
 [][] |
 []

<fig_source/convergenceIF.png, id=335, 137.72597pt x 137.72597pt>
Overfull \hbox (16.41331pt too wide) in paragraph at lines 1237--1249
[]$[]$ $[]$ |
 []

<fig_source/iforest.png, id=336, 586.8324pt x 442.2924pt>
Underfull \hbox (badness 10000) in paragraph at lines 1257--1259

 []

Package mdframed Info: mdframed works in twoside mode on input line 1259.
Package mdframed Info: mdframed detected package amsthm 
 changed the theorem header of amsthm
(mdframed)              on input line 1259.
\openout5 = `thesis.pyg'.

runsystem(pygmentize -l python -f latex -F tokenmerge             -P "verboptio
ns= ,fontfamily=courier,fontsize=\scriptsize " -o thesis.out.pyg thesis.pyg)...
executed.

(./thesis.out.pyg)
runsystem(rm thesis.out.pyg)...executed.

runsystem(rm thesis.pyg)...executed.

 [72] [73]
<fig_source/ADcomparison1.png, id=344, 731.3724pt x 370.0224pt>
<fig_source/ADcomparison2.png, id=345, 731.3724pt x 370.0224pt> [74]
<fig_source/ADcomparison3.png, id=349, 731.3724pt x 370.0224pt>
Package mdframed Info: mdframed works in twoside mode on input line 1363.
Package mdframed Info: mdframed detected package amsthm 
 changed the theorem header of amsthm
(mdframed)              on input line 1363.
\openout5 = `thesis.pyg'.

runsystem(pygmentize -l python -f latex -F tokenmerge             -P "verboptio
ns= ,fontfamily=courier,fontsize=\scriptsize " -o thesis.out.pyg thesis.pyg)...
executed.


(./thesis.out.pyg)
runsystem(rm thesis.out.pyg)...executed.

runsystem(rm thesis.pyg)...executed.

 [75]) [76] [77

] [78] (./aistat.tex
Chapter 6.
------------------------------------------------------------------------------
 6.\hskip 1em\relax On Anomaly Ranking and Excess-Mass Curves
------------------------------------------------------------------------------
[79

] [80]
Underfull \hbox (badness 10000) in paragraph at lines 117--120

 []

[81] [82]
Missing character: There is no ; in font nullfont!
 [83]
Overfull \hbox (17.91214pt too wide) detected at line 464
[] \OML/cmm/m/it/10.95 ^^O[]\OT1/cmr/m/n/10.95 (\OMS/cmsy/m/n/10.95 f\OML/cmm/m
/it/10.95 s > u\OMS/cmsy/m/n/10.95 g\OT1/cmr/m/n/10.95 ^^A[]\OMS/cmsy/m/n/10.95
 f\OML/cmm/m/it/10.95 f > t\OMS/cmsy/m/n/10.95 g\OT1/cmr/m/n/10.95 ) \OMS/cmsy/
m/n/10.95 ^^T \OML/cmm/m/it/10.95 EM[]\OT1/cmr/m/n/10.95 (\OML/cmm/m/it/10.95 t
\OT1/cmr/m/n/10.95 ) \OMS/cmsy/m/n/10.95 ^^@ \OML/cmm/m/it/10.95 EM[]\OT1/cmr/m
/n/10.95 (\OML/cmm/m/it/10.95 t\OT1/cmr/m/n/10.95 ) \OMS/cmsy/m/n/10.95 ^^T k\O
ML/cmm/m/it/10.95 f\OMS/cmsy/m/n/10.95 k[] [] []\OT1/cmr/m/n/10.95 (\OMS/cmsy/m
/n/10.95 f\OML/cmm/m/it/10.95 s > u\OMS/cmsy/m/n/10.95 g\OT1/cmr/m/n/10.95 ^^A\
OMS/cmsy/m/n/10.95 f\OML/cmm/m/it/10.95 f > t\OMS/cmsy/m/n/10.95 g\OT1/cmr/m/n/
10.95 )\OML/cmm/m/it/10.95 ;|
 []

[84] [85] [86] [87]

LaTeX Warning: `!h' float specifier changed to `!ht'.

[88] [89]
Underfull \hbox (badness 10000) in paragraph at lines 801--802
[]\T1/ptm/m/n/10.95 The re-sult di-rectly fol-lows from the fol-low-
 []


Underfull \hbox (badness 4765) in paragraph at lines 801--802
\T1/ptm/m/n/10.95 ing lemma, which es-tab-lishes an up-per bound for the bias, 
with the no-ta-tions
 []


Underfull \hbox (badness 10000) in paragraph at lines 801--802

 []

[90]
Overfull \hbox (5.18303pt too wide) in paragraph at lines 812--812
[] |
 []

<fig_source/EM-EMS.png, id=404, 578.16pt x 433.62pt>
<fig_source/EM-EMSzoom.png, id=405, 578.16pt x 433.62pt>
Underfull \hbox (badness 10000) in paragraph at lines 845--845
[]\T1/ptm/m/sc/10 Figure 6.5: |\T1/ptm/m/n/10 Zoom near 0
 []


Overfull \hbox (2.08049pt too wide) in paragraph at lines 834--849
[]$[]$  $[]$ |
 []

<fig_source/EMG-EM.png, id=406, 578.16pt x 433.62pt> [91] [92]
<fig_source/scoring3D.png, id=414, 1675.2186pt x 897.5934pt> [93]
Underfull \hbox (badness 10000) in paragraph at lines 891--894

 []

[94]
Overfull \hbox (2.81657pt too wide) in paragraph at lines 922--922
[] |
 []

[95]
Underfull \hbox (badness 10000) in paragraph at lines 949--950

 []


Overfull \hbox (6.69798pt too wide) in paragraph at lines 973--973
[] |
 []


Underfull \hbox (badness 10000) in paragraph at lines 991--993

 []

[96]
Overfull \hbox (6.64136pt too wide) in paragraph at lines 1048--1048
[] |
 []

[97]) [98] [99

] [100] (./colt.tex
Chapter 7.
------------------------------------------------------------------------------
 7.\hskip 1em\relax Learning the dependence structure of rare events: a non-asy
mptotic study
------------------------------------------------------------------------------
[101

] [102] [103] [104]
Overfull \hbox (5.76132pt too wide) in paragraph at lines 641--641
[] |
 []

[105] [106] [107]
Underfull \hbox (badness 10000) in paragraph at lines 833--834

 []

[108]
Overfull \hbox (22.20183pt too wide) in paragraph at lines 938--938
[] |
 []

[109] [110]) (./jmva.tex [111] [112

]
Chapter 8.
------------------------------------------------------------------------------
 8.\hskip 1em\relax Sparse Representation of Multivariate Extremes
------------------------------------------------------------------------------
[113] [114] [115] [116] [117] [118] [119] [120] [121]
<fig_source/representation2D_nk_rect.png, id=508, 335.3328pt x 300.4023pt>
[122] [123] [124] [125] [126] [127] [128] [129] [130] [131]
<fig_source/plot_damex_level_sets.png, id=540, 1602.2259pt x 721.2546pt>
[132] [133] [134] <fig_source/wave_dir2.png, id=552, 1180.1691pt x 460.3599pt>
[135] [136]
<fig_source/shuttle-semi-supervised-average-rect-01.png, id=559, 1681.0002pt x 
922.8879pt>
<fig_source/SF-4d-lb-semi-supervised-average-rect-01.png, id=560, 1681.0002pt x
 922.8879pt>
<fig_source/SF-4d-lb-semi-supervised-average-rect-1.png, id=561, 1681.0002pt x 
922.8879pt>
<fig_source/SA-lb-semi-supervised-average-rect-01.png, id=562, 1681.0002pt x 92
2.8879pt> [137]
<fig_source/forestcover-semi-supervised-average-rect-01.png, id=566, 1681.0002p
t x 922.8879pt>
<fig_source/http-3d-semi-supervised-average-rect-01.png, id=567, 1681.0002pt x 
922.8879pt> [138] [139] [140] [141] [142] [143]
Underfull \hbox (badness 5817) in paragraph at lines 2394--2395
[]\T1/ptm/m/n/10.95 Considering the def-i-ni-tion in (8.45) and (8.31), both si
des are equal to
 []

[144] [145] [146] [147]) [148] [149

] [150] (./evaluation.tex
Chapter 9.
------------------------------------------------------------------------------
 9.\hskip 1em\relax How to Evaluate the Quality of Anomaly Detection Algorithms
?
------------------------------------------------------------------------------
[151

] [152] [153] [154] [155] [156] [157]
<fig_source/evaluation_fig/mv_em_adult_supervised_09_factorized_inkscape.png, i
d=632, 1469.07466pt x 859.7638pt>
Overfull \hbox (23.36235pt too wide) in paragraph at lines 443--443
[] |
 []

[158] [159] [160] [161]
<fig_source/evaluation_fig/bench_iforest_roc_pr_supervised_factorized.png, id=6
45, 1806.75pt x 1228.59pt>
<fig_source/evaluation_fig/bench_iforest_roc_pr_unsupervised_factorized.png, id
=646, 1806.75pt x 1228.59pt>
<fig_source/evaluation_fig/bench_ocsvm_roc_pr_supervised_factorized.png, id=647
, 1806.75pt x 1228.59pt>
<fig_source/evaluation_fig/bench_ocsvm_roc_pr_unsupervised_factorized.png, id=6
48, 1806.75pt x 1228.59pt>
<fig_source/evaluation_fig/bench_lof_roc_pr_supervised_factorized.png, id=649, 
1806.75pt x 1228.59pt>
<fig_source/evaluation_fig/bench_lof_roc_pr_unsupervised_factorized.png, id=650
, 1806.75pt x 1228.59pt>
<fig_source/evaluation_fig/mv_em_http_supervised_09_factorized.png, id=651, 180
6.75pt x 939.51pt>
<fig_source/evaluation_fig/mv_em_http_unsupervised_09_factorized.png, id=652, 1
806.75pt x 939.51pt>
<fig_source/evaluation_fig/mv_em_pima_supervised_09_factorized.png, id=653, 180
6.75pt x 939.51pt>
<fig_source/evaluation_fig/mv_em_pima_unsupervised_09_factorized.png, id=654, 1
806.75pt x 939.51pt>
<fig_source/evaluation_fig/mv_em_smtp_supervised_09_factorized.png, id=655, 180
6.75pt x 939.51pt>
<fig_source/evaluation_fig/mv_em_smtp_unsupervised_09_factorized.png, id=656, 1
806.75pt x 939.51pt>
<fig_source/evaluation_fig/mv_em_wilt_supervised_09_factorized.png, id=657, 180
6.75pt x 939.51pt>
<fig_source/evaluation_fig/mv_em_wilt_unsupervised_09_factorized.png, id=658, 1
806.75pt x 939.51pt>
<fig_source/evaluation_fig/mv_em_adult_supervised_09_factorized.png, id=659, 18
06.75pt x 939.51pt>
<fig_source/evaluation_fig/mv_em_adult_unsupervised_09_factorized.png, id=660, 
1806.75pt x 939.51pt>) (./ocrf.tex [162

] [163] [164] [165] [166] [167] [168]
[169] [170

]
Chapter 10.
------------------------------------------------------------------------------
 10.\hskip 1em\relax One Class Splitting Criteria for Random Forests
------------------------------------------------------------------------------
[171] [172] [173] [174] [175] [176] [177]
<fig_source/ocrf_fig/oneclassrf.png, id=712, 586.8324pt x 442.2924pt> [178]

LaTeX Warning: `!h' float specifier changed to `!ht'.

[179]
Underfull \hbox (badness 2529) in paragraph at lines 925--929
[]\T1/ptm/m/n/10.95 The \T1/ptm/m/it/10.95 LOF \T1/ptm/m/n/10.95 al-go-rithm us
es de-fault pa-ram-e-ters: []\T1/pcr/m/n/10.95 n_neighbors=5\T1/ptm/m/n/10.95 ,
 []\T1/pcr/m/n/10.95 leaf_size=30\T1/ptm/m/n/10.95 ,
 []

[180]
Underfull \hbox (badness 10000) in paragraph at lines 930--933
[]\T1/ptm/m/n/10.95 The \T1/ptm/m/it/10.95 iFor-est \T1/ptm/m/n/10.95 al-go-rit
hm uses de-fault pa-ram-e-ters: []\T1/pcr/m/n/10.95 n_estimators=100\T1/ptm/m/n
/10.95 ,
 []

[181]
PGFPlots: reading {fig_source/ocrf_fig/results_semisupervised.txt}


Package pgfplots Warning: Table 'fig_source/ocrf_fig/results_semisupervised.txt
' has non-unique column name '&'. Only the first occurence can be accessed via 
column names. on input line 1008.

PGFPlots: reading {fig_source/ocrf_fig/results_semisupervised.txt}

Package pgfplots Warning: Table 'fig_source/ocrf_fig/results_semisupervised.txt
' has non-unique column name '&'. Only the first occurence can be accessed via 
column names. on input line 1009.

PGFPlots: reading {fig_source/ocrf_fig/results_semisupervised.txt}

Package pgfplots Warning: Table 'fig_source/ocrf_fig/results_semisupervised.txt
' has non-unique column name '&'. Only the first occurence can be accessed via 
column names. on input line 1010.

PGFPlots: reading {fig_source/ocrf_fig/results_semisupervised.txt}

Package pgfplots Warning: Table 'fig_source/ocrf_fig/results_semisupervised.txt
' has non-unique column name '&'. Only the first occurence can be accessed via 
column names. on input line 1011.

PGFPlots: reading {fig_source/ocrf_fig/results_semisupervised.txt}

Package pgfplots Warning: Table 'fig_source/ocrf_fig/results_semisupervised.txt
' has non-unique column name '&'. Only the first occurence can be accessed via 
column names. on input line 1012.

PGFPlots: reading {fig_source/ocrf_fig/results_semisupervised.txt}

Package pgfplots Warning: Table 'fig_source/ocrf_fig/results_semisupervised.txt
' has non-unique column name '&'. Only the first occurence can be accessed via 
column names. on input line 1013.

PGFPlots: reading {fig_source/ocrf_fig/results_semisupervised.txt}

Package pgfplots Warning: Table 'fig_source/ocrf_fig/results_semisupervised.txt
' has non-unique column name '&'. Only the first occurence can be accessed via 
column names. on input line 1014.

PGFPlots: reading {fig_source/ocrf_fig/results_semisupervised.txt}

Package pgfplots Warning: Table 'fig_source/ocrf_fig/results_semisupervised.txt
' has non-unique column name '&'. Only the first occurence can be accessed via 
column names. on input line 1015.

PGFPlots: reading {fig_source/ocrf_fig/results_semisupervised.txt}

Package pgfplots Warning: Table 'fig_source/ocrf_fig/results_semisupervised.txt
' has non-unique column name '&'. Only the first occurence can be accessed via 
column names. on input line 1035.

PGFPlots: reading {fig_source/ocrf_fig/results_semisupervised.txt}

Package pgfplots Warning: Table 'fig_source/ocrf_fig/results_semisupervised.txt
' has non-unique column name '&'. Only the first occurence can be accessed via 
column names. on input line 1036.

PGFPlots: reading {fig_source/ocrf_fig/results_semisupervised.txt}

Package pgfplots Warning: Table 'fig_source/ocrf_fig/results_semisupervised.txt
' has non-unique column name '&'. Only the first occurence can be accessed via 
column names. on input line 1037.

PGFPlots: reading {fig_source/ocrf_fig/results_semisupervised.txt}

Package pgfplots Warning: Table 'fig_source/ocrf_fig/results_semisupervised.txt
' has non-unique column name '&'. Only the first occurence can be accessed via 
column names. on input line 1038.

PGFPlots: reading {fig_source/ocrf_fig/results_semisupervised.txt}

Package pgfplots Warning: Table 'fig_source/ocrf_fig/results_semisupervised.txt
' has non-unique column name '&'. Only the first occurence can be accessed via 
column names. on input line 1039.

PGFPlots: reading {fig_source/ocrf_fig/results_unsupervised.txt}

Package pgfplots Warning: Table 'fig_source/ocrf_fig/results_unsupervised.txt' 
has non-unique column name '&'. Only the first occurence can be accessed via co
lumn names. on input line 1040.

PGFPlots: reading {fig_source/ocrf_fig/results_semisupervised.txt}

Package pgfplots Warning: Table 'fig_source/ocrf_fig/results_semisupervised.txt
' has non-unique column name '&'. Only the first occurence can be accessed via 
column names. on input line 1041.

PGFPlots: reading {fig_source/ocrf_fig/results_semisupervised.txt}

Package pgfplots Warning: Table 'fig_source/ocrf_fig/results_semisupervised.txt
' has non-unique column name '&'. Only the first occurence can be accessed via 
column names. on input line 1042.

PGFPlots: reading {fig_source/ocrf_fig/computationTime_semisupervised.txt}
PGFPlots: reading {fig_source/ocrf_fig/computationTime_semisupervised.txt}
PGFPlots: reading {fig_source/ocrf_fig/computationTime_semisupervised.txt}
PGFPlots: reading {fig_source/ocrf_fig/computationTime_semisupervised.txt}
PGFPlots: reading {fig_source/ocrf_fig/computationTime_semisupervised.txt}
PGFPlots: reading {fig_source/ocrf_fig/computationTime_semisupervised.txt}
PGFPlots: reading {fig_source/ocrf_fig/computationTime_semisupervised.txt}
PGFPlots: reading {fig_source/ocrf_fig/computationTime_semisupervised.txt}
[182]
Overfull \hbox (21.55606pt too wide) in paragraph at lines 1158--1158
[] |
 []

[183] [184] [185]
PGFPlots: reading {fig_source/ocrf_fig/results_unsupervised.txt}


Package pgfplots Warning: Table 'fig_source/ocrf_fig/results_unsupervised.txt' 
has non-unique column name '&'. Only the first occurence can be accessed via co
lumn names. on input line 1476.

PGFPlots: reading {fig_source/ocrf_fig/results_unsupervised.txt}

Package pgfplots Warning: Table 'fig_source/ocrf_fig/results_unsupervised.txt' 
has non-unique column name '&'. Only the first occurence can be accessed via co
lumn names. on input line 1477.

PGFPlots: reading {fig_source/ocrf_fig/results_unsupervised.txt}

Package pgfplots Warning: Table 'fig_source/ocrf_fig/results_unsupervised.txt' 
has non-unique column name '&'. Only the first occurence can be accessed via co
lumn names. on input line 1478.

PGFPlots: reading {fig_source/ocrf_fig/results_unsupervised.txt}

Package pgfplots Warning: Table 'fig_source/ocrf_fig/results_unsupervised.txt' 
has non-unique column name '&'. Only the first occurence can be accessed via co
lumn names. on input line 1479.

PGFPlots: reading {fig_source/ocrf_fig/results_unsupervised.txt}

Package pgfplots Warning: Table 'fig_source/ocrf_fig/results_unsupervised.txt' 
has non-unique column name '&'. Only the first occurence can be accessed via co
lumn names. on input line 1480.

PGFPlots: reading {fig_source/ocrf_fig/results_unsupervised.txt}

Package pgfplots Warning: Table 'fig_source/ocrf_fig/results_unsupervised.txt' 
has non-unique column name '&'. Only the first occurence can be accessed via co
lumn names. on input line 1481.

PGFPlots: reading {fig_source/ocrf_fig/results_unsupervised.txt}

Package pgfplots Warning: Table 'fig_source/ocrf_fig/results_unsupervised.txt' 
has non-unique column name '&'. Only the first occurence can be accessed via co
lumn names. on input line 1482.

PGFPlots: reading {fig_source/ocrf_fig/results_unsupervised.txt}

Package pgfplots Warning: Table 'fig_source/ocrf_fig/results_unsupervised.txt' 
has non-unique column name '&'. Only the first occurence can be accessed via co
lumn names. on input line 1483.

PGFPlots: reading {fig_source/ocrf_fig/results_unsupervised.txt}

Package pgfplots Warning: Table 'fig_source/ocrf_fig/results_unsupervised.txt' 
has non-unique column name '&'. Only the first occurence can be accessed via co
lumn names. on input line 1509.

PGFPlots: reading {fig_source/ocrf_fig/results_unsupervised.txt}

Package pgfplots Warning: Table 'fig_source/ocrf_fig/results_unsupervised.txt' 
has non-unique column name '&'. Only the first occurence can be accessed via co
lumn names. on input line 1510.

PGFPlots: reading {fig_source/ocrf_fig/results_unsupervised.txt}

Package pgfplots Warning: Table 'fig_source/ocrf_fig/results_unsupervised.txt' 
has non-unique column name '&'. Only the first occurence can be accessed via co
lumn names. on input line 1511.

PGFPlots: reading {fig_source/ocrf_fig/results_unsupervised.txt}

Package pgfplots Warning: Table 'fig_source/ocrf_fig/results_unsupervised.txt' 
has non-unique column name '&'. Only the first occurence can be accessed via co
lumn names. on input line 1512.

PGFPlots: reading {fig_source/ocrf_fig/results_unsupervised.txt}

Package pgfplots Warning: Table 'fig_source/ocrf_fig/results_unsupervised.txt' 
has non-unique column name '&'. Only the first occurence can be accessed via co
lumn names. on input line 1513.

PGFPlots: reading {fig_source/ocrf_fig/results_unsupervised.txt}

Package pgfplots Warning: Table 'fig_source/ocrf_fig/results_unsupervised.txt' 
has non-unique column name '&'. Only the first occurence can be accessed via co
lumn names. on input line 1514.

PGFPlots: reading {fig_source/ocrf_fig/results_unsupervised.txt}

Package pgfplots Warning: Table 'fig_source/ocrf_fig/results_unsupervised.txt' 
has non-unique column name '&'. Only the first occurence can be accessed via co
lumn names. on input line 1515.

PGFPlots: reading {fig_source/ocrf_fig/results_unsupervised.txt}

Package pgfplots Warning: Table 'fig_source/ocrf_fig/results_unsupervised.txt' 
has non-unique column name '&'. Only the first occurence can be accessed via co
lumn names. on input line 1516.

PGFPlots: reading {fig_source/ocrf_fig/computationTime_unsupervised.txt}
PGFPlots: reading {fig_source/ocrf_fig/computationTime_unsupervised.txt}
PGFPlots: reading {fig_source/ocrf_fig/computationTime_unsupervised.txt}
PGFPlots: reading {fig_source/ocrf_fig/computationTime_unsupervised.txt}
PGFPlots: reading {fig_source/ocrf_fig/computationTime_unsupervised.txt}
PGFPlots: reading {fig_source/ocrf_fig/computationTime_unsupervised.txt}
PGFPlots: reading {fig_source/ocrf_fig/computationTime_unsupervised.txt}
PGFPlots: reading {fig_source/ocrf_fig/computationTime_unsupervised.txt}
[186]
<fig_source/ocrf_fig/bench_oneclassrf_roc_pr_supervised_factorized.png, id=744,
 1806.75pt x 1228.59pt>
<fig_source/ocrf_fig/bench_oneclassrf_roc_pr_unsupervised_factorized.png, id=74
5, 1806.75pt x 1228.59pt>
<fig_source/ocrf_fig/bench_iforest_roc_pr_supervised_factorized.png, id=746, 18
06.75pt x 1228.59pt>
<fig_source/ocrf_fig/bench_iforest_roc_pr_unsupervised_factorized.png, id=747, 
1806.75pt x 1228.59pt>
<fig_source/ocrf_fig/bench_ocrf_roc_pr_supervised_factorized.png, id=748, 1806.
75pt x 1228.59pt>
<fig_source/ocrf_fig/bench_ocrf_roc_pr_unsupervised_factorized.png, id=749, 180
6.75pt x 1228.59pt>
<fig_source/ocrf_fig/bench_ocsvm_roc_pr_supervised_factorized.png, id=750, 1806
.75pt x 1228.59pt>
<fig_source/ocrf_fig/bench_ocsvm_roc_pr_unsupervised_factorized.png, id=751, 18
06.75pt x 1228.59pt>
<fig_source/ocrf_fig/bench_lof_roc_pr_supervised_factorized.png, id=752, 1806.7
5pt x 1228.59pt>
<fig_source/ocrf_fig/bench_lof_roc_pr_unsupervised_factorized.png, id=753, 1806
.75pt x 1228.59pt>
<fig_source/ocrf_fig/bench_orca_roc_pr_supervised_factorized.png, id=754, 1806.
75pt x 1228.59pt>
<fig_source/ocrf_fig/bench_orca_roc_pr_unsupervised_factorized.png, id=755, 180
6.75pt x 1228.59pt>
<fig_source/ocrf_fig/bench_LSAnomaly_roc_pr_supervised_factorized.png, id=756, 
1806.75pt x 1228.59pt>
<fig_source/ocrf_fig/bench_LSAnomaly_roc_pr_unsupervised_factorized.png, id=757
, 1806.75pt x 1228.59pt>
<fig_source/ocrf_fig/bench_rf_roc_pr_supervised_factorized.png, id=758, 1806.75
pt x 1228.59pt>
<fig_source/ocrf_fig/bench_rf_roc_pr_unsupervised_factorized.png, id=759, 1806.
75pt x 1228.59pt>) [187

] [188] [189] [190] [191] [192] [193] [194]
Chapter 11.
------------------------------------------------------------------------------
 11.\hskip 1em\relax Conclusion, limitations \& perspectives
------------------------------------------------------------------------------
(./conclusion.tex [195

]) [196]
------------------------------------------------------------------------------
 Bibliography
------------------------------------------------------------------------------
(./thesis.bbl [197


] [198] [199]
Underfull \hbox (badness 1975) in paragraph at lines 419--422
[]\T1/ptm/m/n/10 R. Genuer, J.-M. Poggi, and C. Tuleau.  Ran-dom forests: some 
method-olog-i-cal in-sights.
 []

[200] [201] [202] [203]) [204]
Package atveryend Info: Empty hook `BeforeClearDocument' on input line 123.
Package atveryend Info: Empty hook `AfterLastShipout' on input line 123.
 (./thesis.aux)
Package atveryend Info: Executing hook `AtVeryEndDocument' on input line 123.
Package atveryend Info: Empty hook `AtEndAfterFileList' on input line 123.


LaTeX Warning: There were undefined references.


LaTeX Warning: Label(s) may have changed. Rerun to get cross-references right.

Package atveryend Info: Empty hook `AtVeryVeryEnd' on input line 123.
 ) 
Here is how much of TeX's memory you used:
 54021 strings out of 495020
 1140241 string characters out of 6181323
 1608649 words of memory out of 5000000
 56401 multiletter control sequences out of 15000+600000
 126458 words of font info for 159 fonts, out of 8000000 for 9000
 14 hyphenation exceptions out of 8191
 64i,24n,100p,10455b,2257s stack positions out of 5000i,500n,10000p,200000b,80000s
{/usr/share/texlive/texmf-dist/fonts/enc/dvips/base/8r.enc}</usr/share/texliv
e/texmf-dist/fonts/type1/public/amsfonts/cm/cmbsy10.pfb></usr/share/texlive/tex
mf-dist/fonts/type1/public/amsfonts/cm/cmbx10.pfb></usr/share/texlive/texmf-dis
t/fonts/type1/public/amsfonts/cm/cmbx6.pfb></usr/share/texlive/texmf-dist/fonts
/type1/public/amsfonts/cm/cmbx8.pfb></usr/share/texlive/texmf-dist/fonts/type1/
public/amsfonts/cm/cmbx9.pfb></usr/share/texlive/texmf-dist/fonts/type1/public/
amsfonts/cm/cmex10.pfb></usr/share/texlive/texmf-dist/fonts/type1/public/amsfon
ts/cmextra/cmex7.pfb></usr/share/texlive/texmf-dist/fonts/type1/public/amsfonts
/cmextra/cmex8.pfb></usr/share/texlive/texmf-dist/fonts/type1/public/amsfonts/c
m/cmmi10.pfb></usr/share/texlive/texmf-dist/fonts/type1/public/amsfonts/cm/cmmi
12.pfb></usr/share/texlive/texmf-dist/fonts/type1/public/amsfonts/cm/cmmi6.pfb>
</usr/share/texlive/texmf-dist/fonts/type1/public/amsfonts/cm/cmmi7.pfb></usr/s
hare/texlive/texmf-dist/fonts/type1/public/amsfonts/cm/cmmi8.pfb></usr/share/te
xlive/texmf-dist/fonts/type1/public/amsfonts/cm/cmmi9.pfb></usr/share/texlive/t
exmf-dist/fonts/type1/public/amsfonts/cm/cmmib10.pfb></usr/share/texlive/texmf-
dist/fonts/type1/public/amsfonts/cmextra/cmmib8.pfb></usr/share/texlive/texmf-d
ist/fonts/type1/public/amsfonts/cm/cmr10.pfb></usr/share/texlive/texmf-dist/fon
ts/type1/public/amsfonts/cm/cmr12.pfb></usr/share/texlive/texmf-dist/fonts/type
1/public/amsfonts/cm/cmr6.pfb></usr/share/texlive/texmf-dist/fonts/type1/public
/amsfonts/cm/cmr7.pfb></usr/share/texlive/texmf-dist/fonts/type1/public/amsfont
s/cm/cmr8.pfb></usr/share/texlive/texmf-dist/fonts/type1/public/amsfonts/cm/cmr
9.pfb></usr/share/texlive/texmf-dist/fonts/type1/public/amsfonts/cm/cmsy10.pfb>
</usr/share/texlive/texmf-dist/fonts/type1/public/amsfonts/cm/cmsy6.pfb></usr/s
hare/texlive/texmf-dist/fonts/type1/public/amsfonts/cm/cmsy7.pfb></usr/share/te
xlive/texmf-dist/fonts/type1/public/amsfonts/cm/cmsy8.pfb></usr/share/texlive/t
exmf-dist/fonts/type1/public/amsfonts/cm/cmsy9.pfb></usr/share/texlive/texmf-di
st/fonts/type1/public/amsfonts/cm/cmti10.pfb></usr/share/texlive/texmf-dist/fon
ts/type1/public/amsfonts/cm/cmti9.pfb></usr/share/texlive/texmf-dist/fonts/type
1/public/doublestroke/dsrom10.pfb></usr/share/texlive/texmf-dist/fonts/type1/pu
blic/doublestroke/dsrom8.pfb></usr/share/texlive/texmf-dist/fonts/type1/public/
amsfonts/symbols/msbm10.pfb></usr/share/texlive/texmf-dist/fonts/type1/public/a
msfonts/symbols/msbm7.pfb></usr/share/texlive/texmf-dist/fonts/type1/urw/courie
r/ucrb8a.pfb></usr/share/texlive/texmf-dist/fonts/type1/urw/courier/ucrr8a.pfb>
</usr/share/texlive/texmf-dist/fonts/type1/urw/courier/ucrro8a.pfb></usr/share/
texlive/texmf-dist/fonts/type1/urw/helvetic/uhvb8a.pfb></usr/share/texlive/texm
f-dist/fonts/type1/urw/times/utmb8a.pfb></usr/share/texlive/texmf-dist/fonts/ty
pe1/urw/times/utmbi8a.pfb></usr/share/texlive/texmf-dist/fonts/type1/urw/times/
utmr8a.pfb></usr/share/texlive/texmf-dist/fonts/type1/urw/times/utmr8a.pfb></us
r/share/texlive/texmf-dist/fonts/type1/urw/times/utmri8a.pfb>
Output written on thesis.pdf (222 pages, 1329301 bytes).
PDF statistics:
 958 PDF objects out of 1000 (max. 8388607)
 622 compressed objects within 7 object streams
 0 named destinations out of 1000 (max. 500000)
 323 words of extra memory for PDF output out of 10000 (max. 10000000)

