\BOOKMARK [0][-]{dummy.1}{\376\377\000L\000i\000s\000t\000\040\000o\000f\000\040\000F\000i\000g\000u\000r\000e\000s}{}% 1
\BOOKMARK [0][-]{dummy.2}{\376\377\000L\000i\000s\000t\000\040\000o\000f\000\040\000T\000a\000b\000l\000e\000s}{}% 2
\BOOKMARK [0][-]{chapter.1}{\376\377\0001\000\040\000I\000n\000t\000r\000o\000d\000u\000c\000t\000i\000o\000n\000\040\000a\000n\000d\000\040\000R\000\351\000s\000u\000m\000\351}{}% 3
\BOOKMARK [1][-]{section.1.1}{\376\377\0001\000.\0001\000\040\000A\000n\000o\000m\000a\000l\000y\000\040\000D\000e\000t\000e\000c\000t\000i\000o\000n\000\040\000a\000n\000d\000\040\000S\000c\000o\000r\000i\000n\000g\000\040\000F\000u\000n\000c\000t\000i\000o\000n}{chapter.1}% 4
\BOOKMARK [1][-]{section.1.2}{\376\377\0001\000.\0002\000\040\000M\000-\000e\000s\000t\000i\000m\000a\000t\000i\000o\000n\000\040\000a\000n\000d\000\040\000S\000c\000o\000r\000i\000n\000g\000\040\000f\000u\000n\000c\000t\000i\000o\000n\000\040\000C\000r\000i\000t\000e\000r\000i\000o\000n}{chapter.1}% 5
\BOOKMARK [2][-]{subsection.1.2.1}{\376\377\0001\000.\0002\000.\0001\000\040\000M\000i\000n\000i\000m\000u\000m\000\040\000V\000o\000l\000u\000m\000e\000\040\000s\000e\000t\000s}{section.1.2}% 6
\BOOKMARK [2][-]{subsection.1.2.2}{\376\377\0001\000.\0002\000.\0002\000\040\000M\000a\000s\000s\000-\000V\000o\000l\000u\000m\000e\000\040\000c\000u\000r\000v\000e}{section.1.2}% 7
\BOOKMARK [2][-]{subsection.1.2.3}{\376\377\0001\000.\0002\000.\0003\000\040\000T\000h\000e\000\040\000E\000x\000c\000e\000s\000s\000-\000M\000a\000s\000s\000\040\000c\000r\000i\000t\000e\000r\000i\000o\000n}{section.1.2}% 8
\BOOKMARK [1][-]{section.1.3}{\376\377\0001\000.\0003\000\040\000E\000x\000t\000r\000e\000m\000e\000\040\000V\000a\000l\000u\000e\000s\000\040\000A\000n\000a\000l\000y\000s\000i\000s\000\040\000t\000h\000r\000o\000u\000g\000h\000\040\000S\000T\000D\000F\000\040\000e\000s\000t\000i\000m\000a\000t\000i\000o\000n}{chapter.1}% 9
\BOOKMARK [2][-]{subsection.1.3.1}{\376\377\0001\000.\0003\000.\0001\000\040\000P\000r\000e\000l\000i\000m\000i\000n\000a\000r\000i\000e\000s}{section.1.3}% 10
\BOOKMARK [2][-]{subsection.1.3.2}{\376\377\0001\000.\0003\000.\0002\000\040\000L\000e\000a\000r\000n\000i\000n\000g\000\040\000t\000h\000e\000\040\000d\000e\000p\000e\000n\000d\000e\000n\000c\000e\000\040\000s\000t\000r\000u\000c\000t\000u\000r\000e\000\040\000o\000f\000\040\000r\000a\000r\000e\000\040\000e\000v\000e\000n\000t\000s}{section.1.3}% 11
\BOOKMARK [1][-]{section.1.4}{\376\377\0001\000.\0004\000\040\000S\000p\000a\000r\000s\000e\000\040\000R\000e\000p\000r\000e\000s\000e\000n\000t\000a\000t\000i\000o\000n\000\040\000o\000f\000\040\000M\000u\000l\000t\000i\000v\000a\000r\000i\000a\000t\000e\000\040\000E\000x\000t\000r\000e\000m\000e\000s}{chapter.1}% 12
\BOOKMARK [2][-]{subsection.1.4.1}{\376\377\0001\000.\0004\000.\0001\000\040\000C\000o\000n\000t\000e\000x\000t\000:\000\040\000m\000u\000l\000t\000i\000v\000a\000r\000i\000a\000t\000e\000\040\000e\000x\000t\000r\000e\000m\000e\000\040\000v\000a\000l\000u\000e\000s\000\040\000i\000n\000\040\000l\000a\000r\000g\000e\000\040\000d\000i\000m\000e\000n\000s\000i\000o\000n}{section.1.4}% 13
\BOOKMARK [2][-]{subsection.1.4.2}{\376\377\0001\000.\0004\000.\0002\000\040\000A\000l\000g\000o\000r\000i\000t\000h\000m\000\040\000a\000n\000d\000\040\000A\000p\000p\000l\000i\000c\000a\000t\000i\000o\000n\000\040\000t\000o\000\040\000A\000n\000o\000m\000a\000l\000y\000\040\000D\000e\000t\000e\000c\000t\000i\000o\000n}{section.1.4}% 14
\BOOKMARK [2][-]{subsection.1.4.3}{\376\377\0001\000.\0004\000.\0003\000\040\000T\000h\000e\000o\000r\000e\000t\000i\000c\000a\000l\000\040\000g\000r\000o\000u\000n\000d\000s}{section.1.4}% 15
\BOOKMARK [2][-]{subsection.1.4.4}{\376\377\0001\000.\0004\000.\0004\000\040\000E\000m\000p\000i\000r\000i\000c\000a\000l\000\040\000g\000r\000o\000u\000n\000d\000s}{section.1.4}% 16
\BOOKMARK [1][-]{section.1.5}{\376\377\0001\000.\0005\000\040\000S\000c\000i\000k\000i\000t\000-\000l\000e\000a\000r\000n\000\040\000c\000o\000n\000t\000r\000i\000b\000u\000t\000i\000o\000n\000s}{chapter.1}% 17
\BOOKMARK [1][-]{section.1.6}{\376\377\0001\000.\0006\000\040\000C\000o\000n\000c\000l\000u\000s\000i\000o\000n\000\040\000a\000n\000d\000\040\000S\000c\000i\000e\000n\000t\000i\000f\000i\000c\000\040\000O\000u\000t\000p\000u\000t}{chapter.1}% 18
\BOOKMARK [-1][]{part.1}{\376\377\000I\000\040\000P\000r\000e\000l\000i\000m\000i\000n\000a\000r\000i\000e\000s}{}% 19
\BOOKMARK [0][-]{chapter.2}{\376\377\0002\000\040\000B\000a\000c\000k\000g\000r\000o\000u\000n\000d\000\040\000o\000n\000\040\000A\000n\000o\000m\000a\000l\000y\000\040\000D\000e\000t\000e\000c\000t\000i\000o\000n\000\040\000t\000h\000r\000o\000u\000g\000h\000\040\000S\000c\000i\000k\000i\000t\000-\000L\000e\000a\000r\000n}{part.1}% 20
\BOOKMARK [1][-]{section.2.1}{\376\377\0002\000.\0001\000\040\000W\000h\000a\000t\000\040\000i\000s\000\040\000A\000n\000o\000m\000a\000l\000y\000\040\000D\000e\000t\000e\000c\000t\000i\000o\000n\000?}{chapter.2}% 21
\BOOKMARK [1][-]{section.2.2}{\376\377\0002\000.\0002\000\040\000T\000h\000r\000e\000e\000\040\000e\000f\000f\000i\000c\000i\000e\000n\000t\000\040\000A\000n\000o\000m\000a\000l\000y\000\040\000D\000e\000t\000e\000c\000t\000i\000o\000n\000\040\000A\000l\000g\000o\000r\000i\000t\000h\000m\000s}{chapter.2}% 22
\BOOKMARK [2][-]{subsection.2.2.1}{\376\377\0002\000.\0002\000.\0001\000\040\000W\000h\000a\000t\000\040\000i\000s\000\040\000S\000c\000i\000k\000i\000t\000-\000l\000e\000a\000r\000n\000?}{section.2.2}% 23
\BOOKMARK [2][-]{subsection.2.2.2}{\376\377\0002\000.\0002\000.\0002\000\040\000O\000n\000e\000-\000c\000l\000a\000s\000s\000\040\000S\000V\000M}{section.2.2}% 24
\BOOKMARK [2][-]{subsection.2.2.3}{\376\377\0002\000.\0002\000.\0003\000\040\000L\000o\000c\000a\000l\000\040\000O\000u\000t\000l\000i\000e\000r\000\040\000F\000a\000c\000t\000o\000r\000\040\000a\000l\000g\000o\000r\000i\000t\000h\000m}{section.2.2}% 25
\BOOKMARK [2][-]{subsection.2.2.4}{\376\377\0002\000.\0002\000.\0004\000\040\000I\000s\000o\000l\000a\000t\000i\000o\000n\000\040\000F\000o\000r\000e\000s\000t}{section.2.2}% 26
\BOOKMARK [1][-]{section.2.3}{\376\377\0002\000.\0003\000\040\000B\000e\000n\000c\000h\000m\000a\000r\000k\000s\000\040\000u\000s\000i\000n\000g\000\040\000d\000i\000f\000f\000e\000r\000e\000n\000t\000\040\000c\000r\000i\000t\000e\000r\000i\000a}{chapter.2}% 27
\BOOKMARK [0][-]{chapter.3}{\376\377\0003\000\040\000C\000o\000n\000c\000e\000n\000t\000r\000a\000t\000i\000o\000n\000\040\000I\000n\000e\000q\000u\000a\000l\000i\000t\000i\000e\000s\000\040\000f\000r\000o\000m\000\040\000t\000h\000e\000\040\000M\000e\000t\000h\000o\000d\000\040\000o\000f\000\040\000b\000o\000u\000n\000d\000e\000d\000\040\000d\000i\000f\000f\000e\000r\000e\000n\000c\000e\000s}{part.1}% 28
\BOOKMARK [1][-]{section.3.1}{\376\377\0003\000.\0001\000\040\000T\000w\000o\000\040\000f\000u\000n\000d\000a\000m\000e\000n\000t\000a\000l\000\040\000r\000e\000s\000u\000l\000t\000s}{chapter.3}% 29
\BOOKMARK [2][-]{subsection.3.1.1}{\376\377\0003\000.\0001\000.\0001\000\040\000P\000r\000e\000l\000i\000m\000i\000n\000a\000r\000y\000\040\000d\000e\000f\000i\000n\000i\000t\000i\000o\000n\000s}{section.3.1}% 30
\BOOKMARK [2][-]{subsection.3.1.2}{\376\377\0003\000.\0001\000.\0002\000\040\000I\000n\000e\000q\000u\000a\000l\000i\000t\000y\000\040\000f\000o\000r\000\040\000B\000o\000u\000n\000d\000e\000d\000\040\000R\000a\000n\000d\000o\000m\000\040\000V\000a\000r\000i\000a\000b\000l\000e\000s}{section.3.1}% 31
\BOOKMARK [2][-]{subsection.3.1.3}{\376\377\0003\000.\0001\000.\0003\000\040\000B\000e\000r\000n\000s\000t\000e\000i\000n\000-\000t\000y\000p\000e\000\040\000I\000n\000e\000q\000u\000a\000l\000i\000t\000y\000\040\000\050\000w\000i\000t\000h\000\040\000v\000a\000r\000i\000a\000n\000c\000e\000\040\000t\000e\000r\000m\000\051}{section.3.1}% 32
\BOOKMARK [1][-]{section.3.2}{\376\377\0003\000.\0002\000\040\000F\000a\000m\000o\000u\000s\000\040\000I\000n\000e\000q\000u\000a\000l\000i\000t\000i\000e\000s}{chapter.3}% 33
\BOOKMARK [1][-]{section.3.3}{\376\377\0003\000.\0003\000\040\000L\000i\000n\000k\000s\000\040\000w\000i\000t\000h\000\040\000S\000t\000a\000t\000i\000s\000t\000i\000c\000a\000l\000\040\000L\000e\000a\000r\000n\000i\000n\000g\000\040\000a\000n\000d\000\040\000V\000C\000\040\000t\000h\000e\000o\000r\000y}{chapter.3}% 34
\BOOKMARK [1][-]{section.3.4}{\376\377\0003\000.\0004\000\040\000S\000h\000a\000r\000p\000e\000r\000\040\000V\000C\000-\000b\000o\000u\000n\000d\000s\000\040\000t\000h\000r\000o\000u\000g\000h\000\040\000a\000\040\000B\000e\000r\000n\000s\000t\000e\000i\000n\000-\000t\000y\000p\000e\000\040\000i\000n\000e\000q\000u\000a\000l\000i\000t\000y}{chapter.3}% 35
\BOOKMARK [0][-]{chapter.4}{\376\377\0004\000\040\000E\000x\000t\000r\000e\000m\000e\000\040\000V\000a\000l\000u\000e\000\040\000T\000h\000e\000o\000r\000y}{part.1}% 36
\BOOKMARK [1][-]{section.4.1}{\376\377\0004\000.\0001\000\040\000U\000n\000i\000v\000a\000r\000i\000a\000t\000e\000\040\000E\000x\000t\000r\000e\000m\000e\000\040\000V\000a\000l\000u\000e\000\040\000T\000h\000e\000o\000r\000y}{chapter.4}% 37
\BOOKMARK [1][-]{section.4.2}{\376\377\0004\000.\0002\000\040\000E\000x\000t\000e\000n\000s\000i\000o\000n\000\040\000t\000o\000\040\000t\000h\000e\000\040\000M\000u\000l\000t\000i\000v\000a\000r\000i\000a\000t\000e\000\040\000f\000r\000a\000m\000e\000w\000o\000r\000k}{chapter.4}% 38
\BOOKMARK [-1][]{part.2}{\376\377\000I\000I\000\040\000A\000n\000\040\000E\000x\000c\000e\000s\000s\000-\000M\000a\000s\000s\000\040\000b\000a\000s\000e\000d\000\040\000P\000e\000r\000f\000o\000r\000m\000a\000n\000c\000e\000\040\000C\000r\000i\000t\000e\000r\000i\000o\000n}{}% 39
\BOOKMARK [0][-]{chapter.5}{\376\377\0005\000\040\000O\000n\000\040\000A\000n\000o\000m\000a\000l\000y\000\040\000R\000a\000n\000k\000i\000n\000g\000\040\000a\000n\000d\000\040\000E\000x\000c\000e\000s\000s\000-\000M\000a\000s\000s\000\040\000C\000u\000r\000v\000e\000s}{part.2}% 40
\BOOKMARK [1][-]{section.5.1}{\376\377\0005\000.\0001\000\040\000I\000n\000t\000r\000o\000d\000u\000c\000t\000i\000o\000n}{chapter.5}% 41
\BOOKMARK [1][-]{section.5.2}{\376\377\0005\000.\0002\000\040\000B\000a\000c\000k\000g\000r\000o\000u\000n\000d\000\040\000a\000n\000d\000\040\000r\000e\000l\000a\000t\000e\000d\000\040\000w\000o\000r\000k}{chapter.5}% 42
\BOOKMARK [1][-]{section.5.3}{\376\377\0005\000.\0003\000\040\000T\000h\000e\000\040\000E\000x\000c\000e\000s\000s\000-\000M\000a\000s\000s\000\040\000c\000u\000r\000v\000e}{chapter.5}% 43
\BOOKMARK [1][-]{section.5.4}{\376\377\0005\000.\0004\000\040\000A\000\040\000g\000e\000n\000e\000r\000a\000l\000\040\000a\000p\000p\000r\000o\000a\000c\000h\000\040\000t\000o\000\040\000l\000e\000a\000r\000n\000\040\000a\000\040\000s\000c\000o\000r\000i\000n\000g\000\040\000f\000u\000n\000c\000t\000i\000o\000n}{chapter.5}% 44
\BOOKMARK [1][-]{section.5.5}{\376\377\0005\000.\0005\000\040\000E\000x\000t\000e\000n\000s\000i\000o\000n\000s\000\040\000-\000\040\000F\000u\000r\000t\000h\000e\000r\000\040\000r\000e\000s\000u\000l\000t\000s}{chapter.5}% 45
\BOOKMARK [2][-]{subsection.5.5.1}{\376\377\0005\000.\0005\000.\0001\000\040\000D\000i\000s\000t\000r\000i\000b\000u\000t\000i\000o\000n\000s\000\040\000w\000i\000t\000h\000\040\000n\000o\000n\000\040\000c\000o\000m\000p\000a\000c\000t\000\040\000s\000u\000p\000p\000o\000r\000t}{section.5.5}% 46
\BOOKMARK [2][-]{subsection.5.5.2}{\376\377\0005\000.\0005\000.\0002\000\040\000B\000i\000a\000s\000\040\000a\000n\000a\000l\000y\000s\000i\000s}{section.5.5}% 47
\BOOKMARK [1][-]{section.5.6}{\376\377\0005\000.\0006\000\040\000S\000i\000m\000u\000l\000a\000t\000i\000o\000n\000\040\000e\000x\000a\000m\000p\000l\000e\000s}{chapter.5}% 48
\BOOKMARK [1][-]{section.5.7}{\376\377\0005\000.\0007\000\040\000C\000o\000n\000c\000l\000u\000s\000i\000o\000n}{chapter.5}% 49
\BOOKMARK [1][-]{section.5.8}{\376\377\0005\000.\0008\000\040\000I\000l\000l\000u\000s\000t\000r\000a\000t\000i\000o\000n\000s}{chapter.5}% 50
\BOOKMARK [1][-]{section.5.9}{\376\377\0005\000.\0009\000\040\000D\000e\000t\000a\000i\000l\000e\000d\000\040\000P\000r\000o\000o\000f\000s}{chapter.5}% 51
\BOOKMARK [-1][]{part.3}{\376\377\000I\000I\000I\000\040\000A\000c\000c\000u\000r\000a\000c\000y\000\040\000o\000n\000\040\000E\000x\000t\000r\000e\000m\000e\000\040\000R\000e\000g\000i\000o\000n\000s}{}% 52
\BOOKMARK [0][-]{chapter.6}{\376\377\0006\000\040\000L\000e\000a\000r\000n\000i\000n\000g\000\040\000t\000h\000e\000\040\000d\000e\000p\000e\000n\000d\000e\000n\000c\000e\000\040\000s\000t\000r\000u\000c\000t\000u\000r\000e\000\040\000o\000f\000\040\000r\000a\000r\000e\000\040\000e\000v\000e\000n\000t\000s\000:\000\040\000a\000\040\000n\000o\000n\000-\000a\000s\000y\000m\000p\000t\000o\000t\000i\000c\000\040\000s\000t\000u\000d\000y}{part.3}% 53
\BOOKMARK [1][-]{section.6.1}{\376\377\0006\000.\0001\000\040\000I\000n\000t\000r\000o\000d\000u\000c\000t\000i\000o\000n}{chapter.6}% 54
\BOOKMARK [1][-]{section.6.2}{\376\377\0006\000.\0002\000\040\000B\000a\000c\000k\000g\000r\000o\000u\000n\000d\000\040\000o\000n\000\040\000t\000h\000e\000\040\000s\000t\000a\000b\000l\000e\000\040\000t\000a\000i\000l\000\040\000d\000e\000p\000e\000n\000d\000e\000n\000c\000e\000\040\000f\000u\000n\000c\000t\000i\000o\000n}{chapter.6}% 55
\BOOKMARK [1][-]{section.6.3}{\376\377\0006\000.\0003\000\040\000A\000\040\000V\000C\000-\000t\000y\000p\000e\000\040\000i\000n\000e\000q\000u\000a\000l\000i\000t\000y\000\040\000a\000d\000a\000p\000t\000e\000d\000\040\000t\000o\000\040\000t\000h\000e\000\040\000s\000t\000u\000d\000y\000\040\000o\000f\000\040\000l\000o\000w\000\040\000p\000r\000o\000b\000a\000b\000i\000l\000i\000t\000y\000\040\000r\000e\000g\000i\000o\000n\000s}{chapter.6}% 56
\BOOKMARK [1][-]{section.6.4}{\376\377\0006\000.\0004\000\040\000A\000\040\000b\000o\000u\000n\000d\000\040\000o\000n\000\040\000t\000h\000e\000\040\000S\000T\000D\000F}{chapter.6}% 57
\BOOKMARK [1][-]{section.6.5}{\376\377\0006\000.\0005\000\040\000D\000i\000s\000c\000u\000s\000s\000i\000o\000n}{chapter.6}% 58
\BOOKMARK [1][-]{section.6.6}{\376\377\0006\000.\0006\000\040\000P\000r\000o\000o\000f\000\040\000o\000f\000\040\000T\000h\000e\000o\000r\000e\000m\000\040\0006\000.\0001}{chapter.6}% 59
\BOOKMARK [1][-]{section.6.7}{\376\377\0006\000.\0007\000\040\000N\000o\000t\000e\000\040\000o\000n\000\040\000R\000e\000m\000a\000r\000k\000\040\0006\000.\0005}{chapter.6}% 60
\BOOKMARK [0][-]{chapter.7}{\376\377\0007\000\040\000S\000p\000a\000r\000s\000e\000\040\000R\000e\000p\000r\000e\000s\000e\000n\000t\000a\000t\000i\000o\000n\000\040\000o\000f\000\040\000M\000u\000l\000t\000i\000v\000a\000r\000i\000a\000t\000e\000\040\000E\000x\000t\000r\000e\000m\000e\000s}{part.3}% 61
\BOOKMARK [1][-]{section.7.1}{\376\377\0007\000.\0001\000\040\000I\000n\000t\000r\000o\000d\000u\000c\000t\000i\000o\000n}{chapter.7}% 62
\BOOKMARK [2][-]{subsection.7.1.1}{\376\377\0007\000.\0001\000.\0001\000\040\000C\000o\000n\000t\000e\000x\000t\000:\000\040\000m\000u\000l\000t\000i\000v\000a\000r\000i\000a\000t\000e\000\040\000e\000x\000t\000r\000e\000m\000e\000\040\000v\000a\000l\000u\000e\000s\000\040\000i\000n\000\040\000l\000a\000r\000g\000e\000\040\000d\000i\000m\000e\000n\000s\000i\000o\000n}{section.7.1}% 63
\BOOKMARK [2][-]{subsection.7.1.2}{\376\377\0007\000.\0001\000.\0002\000\040\000A\000p\000p\000l\000i\000c\000a\000t\000i\000o\000n\000\040\000t\000o\000\040\000A\000n\000o\000m\000a\000l\000y\000\040\000D\000e\000t\000e\000c\000t\000i\000o\000n}{section.7.1}% 64
\BOOKMARK [1][-]{section.7.2}{\376\377\0007\000.\0002\000\040\000M\000u\000l\000t\000i\000v\000a\000r\000i\000a\000t\000e\000\040\000E\000V\000T\000\040\000F\000r\000a\000m\000e\000w\000o\000r\000k\000\040\000a\000n\000d\000\040\000P\000r\000o\000b\000l\000e\000m\000\040\000S\000t\000a\000t\000e\000m\000e\000n\000t}{chapter.7}% 65
\BOOKMARK [2][-]{subsection.7.2.1}{\376\377\0007\000.\0002\000.\0001\000\040\000S\000t\000a\000t\000e\000m\000e\000n\000t\000\040\000o\000f\000\040\000t\000h\000e\000\040\000S\000t\000a\000t\000i\000s\000t\000i\000c\000a\000l\000\040\000P\000r\000o\000b\000l\000e\000m}{section.7.2}% 66
\BOOKMARK [2][-]{subsection.7.2.2}{\376\377\0007\000.\0002\000.\0002\000\040\000R\000e\000g\000u\000l\000a\000r\000i\000t\000y\000\040\000A\000s\000s\000u\000m\000p\000t\000i\000o\000n\000s}{section.7.2}% 67
\BOOKMARK [1][-]{section.7.3}{\376\377\0007\000.\0003\000\040\000A\000\040\000n\000o\000n\000-\000p\000a\000r\000a\000m\000e\000t\000r\000i\000c\000\040\000e\000s\000t\000i\000m\000a\000t\000o\000r\000\040\000o\000f\000\040\000t\000h\000e\000\040\000s\000u\000b\000c\000o\000n\000e\000s\000'\000\040\000m\000a\000s\000s\000\040\000:\000\040\000d\000e\000f\000i\000n\000i\000t\000i\000o\000n\000\040\000a\000n\000d\000\040\000p\000r\000e\000l\000i\000m\000i\000n\000a\000r\000y\000\040\000r\000e\000s\000u\000l\000t\000s}{chapter.7}% 68
\BOOKMARK [2][-]{subsection.7.3.1}{\376\377\0007\000.\0003\000.\0001\000\040\000A\000\040\000n\000a\000t\000u\000r\000a\000l\000\040\000e\000m\000p\000i\000r\000i\000c\000a\000l\000\040\000v\000e\000r\000s\000i\000o\000n\000\040\000o\000f\000\040\000t\000h\000e\000\040\000e\000x\000p\000o\000n\000e\000n\000t\000\040\000m\000e\000a\000s\000u\000r\000e\000\040\000m\000u}{section.7.3}% 69
\BOOKMARK [2][-]{subsection.7.3.2}{\376\377\0007\000.\0003\000.\0002\000\040\000A\000c\000c\000o\000u\000n\000t\000i\000n\000g\000\040\000f\000o\000r\000\040\000t\000h\000e\000\040\000n\000o\000n\000\040\000a\000s\000y\000m\000p\000t\000o\000t\000i\000c\000\040\000n\000a\000t\000u\000r\000e\000\040\000o\000f\000\040\000d\000a\000t\000a\000:\000\040\000e\000p\000s\000i\000l\000o\000n\000-\000t\000h\000i\000c\000k\000e\000n\000i\000n\000g\000.}{section.7.3}% 70
\BOOKMARK [2][-]{subsection.7.3.3}{\376\377\0007\000.\0003\000.\0003\000\040\000P\000r\000e\000l\000i\000m\000i\000n\000a\000r\000i\000e\000s\000:\000\040\000u\000n\000i\000f\000o\000r\000m\000\040\000a\000p\000p\000r\000o\000x\000i\000m\000a\000t\000i\000o\000n\000\040\000o\000v\000e\000r\000\040\000a\000\040\000V\000C\000-\000c\000l\000a\000s\000s\000\040\000o\000f\000\040\000r\000e\000c\000t\000a\000n\000g\000l\000e\000s}{section.7.3}% 71
\BOOKMARK [2][-]{subsection.7.3.4}{\376\377\0007\000.\0003\000.\0004\000\040\000B\000o\000u\000n\000d\000i\000n\000g\000\040\000e\000m\000p\000i\000r\000i\000c\000a\000l\000\040\000d\000e\000v\000i\000a\000t\000i\000o\000n\000s\000\040\000o\000v\000e\000r\000\040\000t\000h\000i\000c\000k\000e\000n\000e\000d\000\040\000r\000e\000c\000t\000a\000n\000g\000l\000e\000s}{section.7.3}% 72
\BOOKMARK [2][-]{subsection.7.3.5}{\376\377\0007\000.\0003\000.\0005\000\040\000B\000o\000u\000n\000d\000i\000n\000g\000\040\000t\000h\000e\000\040\000b\000i\000a\000s\000\040\000i\000n\000d\000u\000c\000e\000d\000\040\000b\000y\000\040\000t\000h\000i\000c\000k\000e\000n\000e\000d\000\040\000r\000e\000c\000t\000a\000n\000g\000l\000e\000s}{section.7.3}% 73
\BOOKMARK [2][-]{subsection.7.3.6}{\376\377\0007\000.\0003\000.\0006\000\040\000M\000a\000i\000n\000\040\000r\000e\000s\000u\000l\000t}{section.7.3}% 74
\BOOKMARK [1][-]{section.7.4}{\376\377\0007\000.\0004\000\040\000A\000p\000p\000l\000i\000c\000a\000t\000i\000o\000n\000\040\000t\000o\000\040\000A\000n\000o\000m\000a\000l\000y\000\040\000D\000e\000t\000e\000c\000t\000i\000o\000n\000\040}{chapter.7}% 75
\BOOKMARK [2][-]{subsection.7.4.1}{\376\377\0007\000.\0004\000.\0001\000\040\000B\000a\000c\000k\000g\000r\000o\000u\000n\000d\000\040\000o\000n\000\040\000A\000D}{section.7.4}% 76
\BOOKMARK [2][-]{subsection.7.4.2}{\376\377\0007\000.\0004\000.\0002\000\040\000A\000l\000g\000o\000r\000i\000t\000h\000m\000:\000\040\000D\000e\000t\000e\000c\000t\000i\000n\000g\000\040\000A\000n\000o\000m\000a\000l\000i\000e\000s\000\040\000a\000m\000o\000n\000g\000\040\000M\000u\000l\000t\000i\000v\000a\000r\000i\000a\000t\000e\000\040\000E\000X\000t\000r\000e\000m\000e\000s\000\040\000\050\000D\000A\000M\000E\000X\000\051}{section.7.4}% 77
\BOOKMARK [1][-]{section.7.5}{\376\377\0007\000.\0005\000\040\000E\000x\000p\000e\000r\000i\000m\000e\000n\000t\000a\000l\000\040\000r\000e\000s\000u\000l\000t\000s}{chapter.7}% 78
\BOOKMARK [2][-]{subsection.7.5.1}{\376\377\0007\000.\0005\000.\0001\000\040\000R\000e\000c\000o\000v\000e\000r\000i\000n\000g\000\040\000t\000h\000e\000\040\000s\000u\000p\000p\000o\000r\000t\000\040\000o\000f\000\040\000t\000h\000e\000\040\000d\000e\000p\000e\000n\000d\000e\000n\000c\000e\000\040\000s\000t\000r\000u\000c\000t\000u\000r\000e\000\040\000o\000f\000\040\000g\000e\000n\000e\000r\000a\000t\000e\000d\000\040\000d\000a\000t\000a}{section.7.5}% 79
\BOOKMARK [2][-]{subsection.7.5.2}{\376\377\0007\000.\0005\000.\0002\000\040\000S\000p\000a\000r\000s\000e\000\040\000s\000t\000r\000u\000c\000t\000u\000r\000e\000\040\000o\000f\000\040\000e\000x\000t\000r\000e\000m\000e\000s\000\040\000\050\000w\000a\000v\000e\000\040\000d\000a\000t\000a\000\051}{section.7.5}% 80
\BOOKMARK [2][-]{subsection.7.5.3}{\376\377\0007\000.\0005\000.\0003\000\040\000A\000p\000p\000l\000i\000c\000a\000t\000i\000o\000n\000\040\000t\000o\000\040\000A\000n\000o\000m\000a\000l\000y\000\040\000D\000e\000t\000e\000c\000t\000i\000o\000n\000\040\000o\000n\000\040\000r\000e\000a\000l\000-\000w\000o\000r\000l\000d\000\040\000d\000a\000t\000a\000\040\000s\000e\000t\000s}{section.7.5}% 81
\BOOKMARK [1][-]{section.7.6}{\376\377\0007\000.\0006\000\040\000C\000o\000n\000c\000l\000u\000s\000i\000o\000n}{chapter.7}% 82
\BOOKMARK [1][-]{section.7.7}{\376\377\0007\000.\0007\000\040\000T\000e\000c\000h\000n\000i\000c\000a\000l\000\040\000p\000r\000o\000o\000f\000s}{chapter.7}% 83
\BOOKMARK [2][-]{subsection.7.7.1}{\376\377\0007\000.\0007\000.\0001\000\040\000P\000r\000o\000o\000f\000\040\000o\000f\000\040\000L\000e\000m\000m\000a\000\040\0007\000.\0005}{section.7.7}% 84
\BOOKMARK [2][-]{subsection.7.7.2}{\376\377\0007\000.\0007\000.\0002\000\040\000P\000r\000o\000o\000f\000\040\000o\000f\000\040\000L\000e\000m\000m\000a\000\040\0007\000.\0006}{section.7.7}% 85
\BOOKMARK [2][-]{subsection.7.7.3}{\376\377\0007\000.\0007\000.\0003\000\040\000P\000r\000o\000o\000f\000\040\000o\000f\000\040\000P\000r\000o\000p\000o\000s\000i\000t\000i\000o\000n\000\040\0007\000.\0008}{section.7.7}% 86
\BOOKMARK [2][-]{subsection.7.7.4}{\376\377\0007\000.\0007\000.\0004\000\040\000P\000r\000o\000o\000f\000\040\000o\000f\000\040\000L\000e\000m\000m\000a\000\040\0007\000.\0001\0000}{section.7.7}% 87
\BOOKMARK [2][-]{subsection.7.7.5}{\376\377\0007\000.\0007\000.\0005\000\040\000P\000r\000o\000o\000f\000\040\000o\000f\000\040\000R\000e\000m\000a\000r\000k\000\040\0007\000.\0001\0004}{section.7.7}% 88
\BOOKMARK [1][-]{section.7.8}{\376\377\0007\000.\0008\000\040\000E\000x\000p\000e\000r\000i\000m\000e\000n\000t\000s\000\040\000c\000u\000r\000v\000e\000s}{chapter.7}% 89
\BOOKMARK [0][-]{chapter.8}{\376\377\0008\000\040\000C\000o\000n\000c\000l\000u\000s\000i\000o\000n\000\040\000\046\000\040\000P\000e\000r\000s\000p\000e\000c\000t\000i\000v\000e\000s}{part.3}% 90
\BOOKMARK [0][-]{dummy.3}{\376\377\000B\000i\000b\000l\000i\000o\000g\000r\000a\000p\000h\000y}{part.3}% 91
